[0.049s] Invoking command in '/home/ros/ros2proj/ComP_demo/ComP_demo_ws/build/comp_topic_rclcpp': CMAKE_PREFIX_PATH=/opt/ros/humble /usr/bin/cmake --build /home/ros/ros2proj/ComP_demo/ComP_demo_ws/build/comp_topic_rclcpp -- -j2 -l2
[0.329s] [  8%] Built target comp_topic_rclcpp__rosidl_generator_c
[0.336s] [ 10%] Built target comp_topic_rclcpp__cpp
[0.520s] [ 13%] Built target CameraTimer
[0.553s] [ 13%] Built target ament_cmake_python_copy_comp_topic_rclcpp
[0.759s] [ 18%] Built target Lane
[0.792s] [ 27%] Built target comp_topic_rclcpp__rosidl_typesupport_cpp
[0.978s] [ 36%] Built target comp_topic_rclcpp__rosidl_typesupport_fastrtps_c
[0.983s] [ 44%] Built target comp_topic_rclcpp__rosidl_typesupport_fastrtps_cpp
[1.134s] [ 53%] Built target comp_topic_rclcpp__rosidl_typesupport_introspection_c
[1.134s] [ 62%] Built target comp_topic_rclcpp__rosidl_typesupport_c
[1.314s] [ 70%] Built target comp_topic_rclcpp__rosidl_typesupport_introspection_cpp
[1.401s] [ 74%] Built target Final
[1.450s] [35m[1mConsolidate compiler generated dependencies of target Tracker[0m
[1.590s] [ 75%] [32mBuilding CXX object CMakeFiles/Tracker.dir/src/Tracker.cpp.o[0m
[3.164s] running egg_info
[3.180s] writing comp_topic_rclcpp.egg-info/PKG-INFO
[3.186s] writing dependency_links to comp_topic_rclcpp.egg-info/dependency_links.txt
[3.186s] writing top-level names to comp_topic_rclcpp.egg-info/top_level.txt
[3.206s] reading manifest file 'comp_topic_rclcpp.egg-info/SOURCES.txt'
[3.217s] writing manifest file 'comp_topic_rclcpp.egg-info/SOURCES.txt'
[3.427s] [ 75%] Built target ament_cmake_python_build_comp_topic_rclcpp_egg
[3.665s] [ 79%] Built target Yolo
[3.789s] [ 79%] Built target comp_topic_rclcpp
[3.928s] [ 81%] Built target comp_topic_rclcpp__py
[4.082s] [ 87%] Built target comp_topic_rclcpp__rosidl_generator_py
[4.261s] [ 91%] Built target comp_topic_rclcpp__rosidl_typesupport_fastrtps_c__pyext
[4.450s] [ 94%] Built target comp_topic_rclcpp__rosidl_typesupport_introspection_c__pyext
[4.647s] [ 98%] Built target comp_topic_rclcpp__rosidl_typesupport_c__pyext
[16.025s] [01m[K/home/ros/ros2proj/ComP_demo/ComP_demo_ws/src/comp_topic_rclcpp/src/Tracker.cpp:[m[K In constructor â€˜[01m[KTracker::Tracker()[m[Kâ€™:
[16.026s] [01m[K/home/ros/ros2proj/ComP_demo/ComP_demo_ws/src/comp_topic_rclcpp/src/Tracker.cpp:144:10:[m[K [01;35m[Kwarning: [m[Kâ€˜[01m[KTracker::yolo_result_received_[m[Kâ€™ will be initialized after [[01;35m[K]8;;https://gcc.gnu.org/onlinedocs/gcc/Warning-Options.html#index-Wreorder-Wreorder]8;;[m[K]
[16.031s]   144 |     bool [01;35m[Kyolo_result_received_[m[K;
[16.031s]       |          [01;35m[K^~~~~~~~~~~~~~~~~~~~~[m[K
[16.031s] [01m[K/home/ros/ros2proj/ComP_demo/ComP_demo_ws/src/comp_topic_rclcpp/src/Tracker.cpp:143:10:[m[K [01;35m[Kwarning: [m[K  â€˜[01m[Kbool Tracker::tracking_initialized_[m[Kâ€™ [[01;35m[K]8;;https://gcc.gnu.org/onlinedocs/gcc/Warning-Options.html#index-Wreorder-Wreorder]8;;[m[K]
[16.032s]   143 |     bool [01;35m[Ktracking_initialized_[m[K;
[16.032s]       |          [01;35m[K^~~~~~~~~~~~~~~~~~~~~[m[K
[16.032s] [01m[K/home/ros/ros2proj/ComP_demo/ComP_demo_ws/src/comp_topic_rclcpp/src/Tracker.cpp:13:5:[m[K [01;35m[Kwarning: [m[K  when initialized here [[01;35m[K]8;;https://gcc.gnu.org/onlinedocs/gcc/Warning-Options.html#index-Wreorder-Wreorder]8;;[m[K]
[16.032s]    13 |     [01;35m[KTracker[m[K() : Node("Tracker"), yolo_result_received_(false), tracking_initialized_(false)
[16.036s]       |     [01;35m[K^~~~~~~[m[K
[16.155s] [01m[K/home/ros/ros2proj/ComP_demo/ComP_demo_ws/src/comp_topic_rclcpp/src/Tracker.cpp:[m[K In function â€˜[01m[Kint main(int, char**)[m[Kâ€™:
[16.155s] [01m[K/home/ros/ros2proj/ComP_demo/ComP_demo_ws/src/comp_topic_rclcpp/src/Tracker.cpp:155:14:[m[K [01;31m[Kerror: [m[Kexpected â€˜[01m[K}[m[Kâ€™ at end of input
[16.155s]   155 |     return 0;
[16.156s]       |              [01;31m[K^[m[K
[16.160s] [01m[K/home/ros/ros2proj/ComP_demo/ComP_demo_ws/src/comp_topic_rclcpp/src/Tracker.cpp:150:1:[m[K [01;36m[Knote: [m[Kto match this â€˜[01m[K{[m[Kâ€™
[16.160s]   150 | [01;36m[K{[m[K
[16.160s]       | [01;36m[K^[m[K
[31.488s] gmake[2]: *** [CMakeFiles/Tracker.dir/build.make:76: CMakeFiles/Tracker.dir/src/Tracker.cpp.o] Error 1
[31.492s] gmake[1]: *** [CMakeFiles/Makefile2:654: CMakeFiles/Tracker.dir/all] Error 2
[31.494s] gmake: *** [Makefile:146: all] Error 2
[31.510s] Invoked command in '/home/ros/ros2proj/ComP_demo/ComP_demo_ws/build/comp_topic_rclcpp' returned '2': CMAKE_PREFIX_PATH=/opt/ros/humble /usr/bin/cmake --build /home/ros/ros2proj/ComP_demo/ComP_demo_ws/build/comp_topic_rclcpp -- -j2 -l2
