[0.018s] Invoking command in '/home/ros/ros2proj/ComP_demo/build/comp_topic_rclcpp': CMAKE_PREFIX_PATH=/opt/ros/humble CONDA_PROMPT_MODIFIER=(ros2) /usr/bin/cmake /home/ros/ros2proj/ComP_demo/ComP_demo_ws/src/comp_topic_rclcpp -DCMAKE_INSTALL_PREFIX=/home/ros/ros2proj/ComP_demo/install/comp_topic_rclcpp
[0.092s] -- Found ament_cmake: 1.3.9 (/opt/ros/humble/share/ament_cmake/cmake)
[0.487s] -- Found rclcpp: 16.0.9 (/opt/ros/humble/share/rclcpp/cmake)
[0.516s] -- Found rosidl_generator_c: 3.1.5 (/opt/ros/humble/share/rosidl_generator_c/cmake)
[0.516s] -- Found rosidl_adapter: 3.1.5 (/opt/ros/humble/share/rosidl_adapter/cmake)
[0.526s] -- Found rosidl_generator_cpp: 3.1.5 (/opt/ros/humble/share/rosidl_generator_cpp/cmake)
[0.559s] -- Using all available rosidl_typesupport_c: rosidl_typesupport_fastrtps_c;rosidl_typesupport_introspection_c
[0.601s] -- Using all available rosidl_typesupport_cpp: rosidl_typesupport_fastrtps_cpp;rosidl_typesupport_introspection_cpp
[0.810s] -- Found rmw_implementation_cmake: 6.1.2 (/opt/ros/humble/share/rmw_implementation_cmake/cmake)
[0.813s] -- Found rmw_fastrtps_cpp: 6.2.6 (/opt/ros/humble/share/rmw_fastrtps_cpp/cmake)
[1.250s] -- Using RMW implementation 'rmw_fastrtps_cpp' as default
[1.970s] -- Found sensor_msgs: 4.2.4 (/opt/ros/humble/share/sensor_msgs/cmake)
[2.492s] -- Found rosidl_default_generators: 1.2.0 (/opt/ros/humble/share/rosidl_default_generators/cmake)
[2.954s] [31mCMake Error at /opt/ros/humble/share/rosidl_adapter/cmake/rosidl_adapt_interfaces.cmake:59 (message):
[2.954s]   execute_process(/home/ros/miniconda3/envs/ros2/bin/python3 -m
[2.954s]   rosidl_adapter --package-name comp_topic_rclcpp --arguments-file
[2.954s]   /home/ros/ros2proj/ComP_demo/build/comp_topic_rclcpp/rosidl_adapter__arguments__comp_topic_rclcpp.json
[2.955s]   --output-dir
[2.955s]   /home/ros/ros2proj/ComP_demo/build/comp_topic_rclcpp/rosidl_adapter/comp_topic_rclcpp
[2.956s]   --output-file
[2.956s]   /home/ros/ros2proj/ComP_demo/build/comp_topic_rclcpp/rosidl_adapter/comp_topic_rclcpp.idls)
[2.956s]   returned error code 1:
[2.956s] 
[2.956s]   AttributeError processing template 'msg.idl.em'
[2.957s] 
[2.957s]   Traceback (most recent call last):
[2.957s] 
[2.957s]     File "/opt/ros/humble/local/lib/python3.10/dist-packages/rosidl_adapter/resource/__init__.py", line 51, in evaluate_template
[2.959s]       em.BUFFERED_OPT: True,
[2.959s] 
[2.959s]   AttributeError: module 'em' has no attribute 'BUFFERED_OPT'
[2.959s] 
[2.959s]   
[2.960s] 
[2.960s]   During handling of the above exception, another exception occurred:
[2.960s] 
[2.960s]   
[2.960s] 
[2.960s]   Traceback (most recent call last):
[2.961s] 
[2.961s]     File "/home/ros/miniconda3/envs/ros2/lib/python3.10/runpy.py", line 196, in _run_module_as_main
[2.961s]       return _run_code(code, main_globals, None,
[2.961s]     File "/home/ros/miniconda3/envs/ros2/lib/python3.10/runpy.py", line 86, in _run_code
[2.961s]       exec(code, run_globals)
[2.962s]     File "/opt/ros/humble/local/lib/python3.10/dist-packages/rosidl_adapter/__main__.py", line 19, in <module>
[2.962s]       sys.exit(main())
[2.962s]     File "/opt/ros/humble/local/lib/python3.10/dist-packages/rosidl_adapter/main.py", line 53, in main
[2.962s]       abs_idl_file = convert_to_idl(
[2.962s]     File "/opt/ros/humble/local/lib/python3.10/dist-packages/rosidl_adapter/__init__.py", line 19, in convert_to_idl
[2.963s]       return convert_msg_to_idl(
[2.963s]     File "/opt/ros/humble/local/lib/python3.10/dist-packages/rosidl_adapter/msg/__init__.py", line 39, in convert_msg_to_idl
[2.963s]       expand_template('msg.idl.em', data, output_file, encoding='iso-8859-1')
[2.963s]     File "/opt/ros/humble/local/lib/python3.10/dist-packages/rosidl_adapter/resource/__init__.py", line 23, in expand_template
[2.963s]       content = evaluate_template(template_name, data)
[2.963s]     File "/opt/ros/humble/local/lib/python3.10/dist-packages/rosidl_adapter/resource/__init__.py", line 69, in evaluate_template
[2.963s]       _interpreter.shutdown()
[2.963s] 
[2.963s]   AttributeError: 'NoneType' object has no attribute 'shutdown'
[2.964s] 
[2.964s] Call Stack (most recent call first):
[2.964s]   /opt/ros/humble/share/rosidl_cmake/cmake/rosidl_generate_interfaces.cmake:130 (rosidl_adapt_interfaces)
[2.964s]   CMakeLists.txt:20 (rosidl_generate_interfaces)
[2.964s] 
[2.964s] [0m
[2.965s] -- Configuring incomplete, errors occurred!
[2.965s] See also "/home/ros/ros2proj/ComP_demo/build/comp_topic_rclcpp/CMakeFiles/CMakeOutput.log".
[2.994s] Invoked command in '/home/ros/ros2proj/ComP_demo/build/comp_topic_rclcpp' returned '1': CMAKE_PREFIX_PATH=/opt/ros/humble CONDA_PROMPT_MODIFIER=(ros2) /usr/bin/cmake /home/ros/ros2proj/ComP_demo/ComP_demo_ws/src/comp_topic_rclcpp -DCMAKE_INSTALL_PREFIX=/home/ros/ros2proj/ComP_demo/install/comp_topic_rclcpp
