[0.068s] Invoking command in '/home/ros/ros2proj/ComP_demo/ComP_demo_ws/build/comp_topic_rclcpp': CMAKE_PREFIX_PATH=/opt/ros/humble CONDA_PROMPT_MODIFIER=(ros2) /usr/bin/cmake --build /home/ros/ros2proj/ComP_demo/ComP_demo_ws/build/comp_topic_rclcpp -- -j2 -l2
[0.430s] [  1%] Built target comp_topic_rclcpp__cpp
[0.508s] [ 10%] Built target comp_topic_rclcpp__rosidl_generator_c
[0.665s] [ 10%] Built target ament_cmake_python_copy_comp_topic_rclcpp
[0.725s] [35m[1mConsolidate compiler generated dependencies of target CameraTimer[0m
[0.809s] [ 12%] [32mBuilding CXX object CMakeFiles/CameraTimer.dir/src/CameraTimer.cpp.o[0m
[11.651s] In file included from [01m[K/opt/ros/humble/include/rclcpp/rclcpp/logging.hpp:24[m[K,
[11.651s]                  from [01m[K/opt/ros/humble/include/rclcpp/rclcpp/client.hpp:40[m[K,
[11.651s]                  from [01m[K/opt/ros/humble/include/rclcpp/rclcpp/callback_group.hpp:24[m[K,
[11.651s]                  from [01m[K/opt/ros/humble/include/rclcpp/rclcpp/any_executable.hpp:20[m[K,
[11.652s]                  from [01m[K/opt/ros/humble/include/rclcpp/rclcpp/memory_strategy.hpp:25[m[K,
[11.652s]                  from [01m[K/opt/ros/humble/include/rclcpp/rclcpp/memory_strategies.hpp:18[m[K,
[11.654s]                  from [01m[K/opt/ros/humble/include/rclcpp/rclcpp/executor_options.hpp:20[m[K,
[11.655s]                  from [01m[K/opt/ros/humble/include/rclcpp/rclcpp/executor.hpp:37[m[K,
[11.655s]                  from [01m[K/opt/ros/humble/include/rclcpp/rclcpp/executors/multi_threaded_executor.hpp:25[m[K,
[11.655s]                  from [01m[K/opt/ros/humble/include/rclcpp/rclcpp/executors.hpp:21[m[K,
[11.655s]                  from [01m[K/opt/ros/humble/include/rclcpp/rclcpp/rclcpp.hpp:155[m[K,
[11.655s]                  from [01m[K/home/ros/ros2proj/ComP_demo/ComP_demo_ws/src/comp_topic_rclcpp/src/CameraTimer.cpp:1[m[K:
[11.655s] [01m[K/home/ros/ros2proj/ComP_demo/ComP_demo_ws/src/comp_topic_rclcpp/src/CameraTimer.cpp:[m[K In constructor ‚Äò[01m[KCameraTimer::CameraTimer(std::string)[m[K‚Äô:
[11.655s] [01m[K/home/ros/ros2proj/ComP_demo/ComP_demo_ws/src/comp_topic_rclcpp/src/CameraTimer.cpp:27:64:[m[K [01;31m[Kerror: [m[Kinvalid operands of types ‚Äò[01m[Kconst char [25][m[K‚Äô and ‚Äò[01m[Kchar*[m[K‚Äô to binary ‚Äò[01m[Koperator+[m[K‚Äô
[11.656s]    27 | his->get_logger(), [32m[K"Êó†Ê≥ïÂä†ËΩΩÂõæÂÉèÊñá‰ª∂"[m[K[01;31m[K+[m[K[34m[Kstd::getenv("DATA_PATH")[m[K);
[11.656s]       |                    [32m[K~~~~~~~~~~~~~~~~~~[m[K[01;31m[K^[m[K[34m[K~~~~~~~~~~~~~~~~~~~~~~~~[m[K
[11.656s]       |                    [32m[K|[m[K                             [34m[K|[m[K
[11.656s]       |                    [32m[Kconst char [25][m[K               [34m[Kchar*[m[K
[11.658s] 
[16.884s] gmake[2]: *** [CMakeFiles/CameraTimer.dir/build.make:76: CMakeFiles/CameraTimer.dir/src/CameraTimer.cpp.o] Error 1
[16.886s] gmake[1]: *** [CMakeFiles/Makefile2:600: CMakeFiles/CameraTimer.dir/all] Error 2
[16.886s] gmake: *** [Makefile:146: all] Error 2
[16.905s] Invoked command in '/home/ros/ros2proj/ComP_demo/ComP_demo_ws/build/comp_topic_rclcpp' returned '2': CMAKE_PREFIX_PATH=/opt/ros/humble CONDA_PROMPT_MODIFIER=(ros2) /usr/bin/cmake --build /home/ros/ros2proj/ComP_demo/ComP_demo_ws/build/comp_topic_rclcpp -- -j2 -l2
