[  1%] Built target comp_topic_rclcpp__cpp
[ 10%] Built target comp_topic_rclcpp__rosidl_generator_c
[35m[1mConsolidate compiler generated dependencies of target CameraTimer[0m
[ 10%] Built target ament_cmake_python_copy_comp_topic_rclcpp
[ 12%] [32mBuilding CXX object CMakeFiles/CameraTimer.dir/src/CameraTimer.cpp.o[0m
[ 21%] Built target comp_topic_rclcpp__rosidl_typesupport_cpp
[ 31%] Built target comp_topic_rclcpp__rosidl_typesupport_fastrtps_c
[ 40%] Built target comp_topic_rclcpp__rosidl_typesupport_fastrtps_cpp
[ 50%] Built target comp_topic_rclcpp__rosidl_typesupport_introspection_c
[ 59%] Built target comp_topic_rclcpp__rosidl_typesupport_c
[ 68%] Built target comp_topic_rclcpp__rosidl_typesupport_introspection_cpp
running egg_info
writing comp_topic_rclcpp.egg-info/PKG-INFO
writing dependency_links to comp_topic_rclcpp.egg-info/dependency_links.txt
writing top-level names to comp_topic_rclcpp.egg-info/top_level.txt
reading manifest file 'comp_topic_rclcpp.egg-info/SOURCES.txt'
writing manifest file 'comp_topic_rclcpp.egg-info/SOURCES.txt'
[ 68%] Built target ament_cmake_python_build_comp_topic_rclcpp_egg
[ 70%] [32mBuilding CXX object CMakeFiles/Final.dir/src/Final.cpp.o[0m
[01m[K/home/ros/ros2proj/ComP_demo/ComP_demo_ws/src/comp_topic_rclcpp/src/CameraTimer.cpp:[m[K In constructor ‚Äò[01m[KCameraTimer::CameraTimer(std::string)[m[K‚Äô:
[01m[K/home/ros/ros2proj/ComP_demo/ComP_demo_ws/src/comp_topic_rclcpp/src/CameraTimer.cpp:22:13:[m[K [01;31m[Kerror: [m[K‚Äò[01m[Klog_path_env[m[K‚Äô was not declared in this scope; did you mean ‚Äò[01m[Kdata_path_env[m[K‚Äô?
   22 |         if ([01;31m[Klog_path_env[m[K == nullptr)
      |             [01;31m[K^~~~~~~~~~~~[m[K
      |             [32m[Kdata_path_env[m[K
In file included from [01m[K/opt/ros/humble/include/rclcpp/rclcpp/logging.hpp:24[m[K,
                 from [01m[K/opt/ros/humble/include/rclcpp/rclcpp/client.hpp:40[m[K,
                 from [01m[K/opt/ros/humble/include/rclcpp/rclcpp/callback_group.hpp:24[m[K,
                 from [01m[K/opt/ros/humble/include/rclcpp/rclcpp/any_executable.hpp:20[m[K,
                 from [01m[K/opt/ros/humble/include/rclcpp/rclcpp/memory_strategy.hpp:25[m[K,
                 from [01m[K/opt/ros/humble/include/rclcpp/rclcpp/memory_strategies.hpp:18[m[K,
                 from [01m[K/opt/ros/humble/include/rclcpp/rclcpp/executor_options.hpp:20[m[K,
                 from [01m[K/opt/ros/humble/include/rclcpp/rclcpp/executor.hpp:37[m[K,
                 from [01m[K/opt/ros/humble/include/rclcpp/rclcpp/executors/multi_threaded_executor.hpp:25[m[K,
                 from [01m[K/opt/ros/humble/include/rclcpp/rclcpp/executors.hpp:21[m[K,
                 from [01m[K/opt/ros/humble/include/rclcpp/rclcpp/rclcpp.hpp:155[m[K,
                 from [01m[K/home/ros/ros2proj/ComP_demo/ComP_demo_ws/src/comp_topic_rclcpp/src/CameraTimer.cpp:1[m[K:
[01m[K/home/ros/ros2proj/ComP_demo/ComP_demo_ws/src/comp_topic_rclcpp/src/CameraTimer.cpp:32:65:[m[K [01;31m[Kerror: [m[Kcannot convert ‚Äò[01m[Kstd::__cxx11::basic_string<char>[m[K‚Äô to ‚Äò[01m[Kconst char*[m[K‚Äô
   32 |             RCLCPP_ERROR(this->get_logger(), [01;31m[K"Êó†Ê≥ïÂä†ËΩΩÂõæÂÉèÊñá‰ª∂" + data_path[m[K);
      |                                              [01;31m[K~~~~~~~~~~~~~~~~~~~^~~~~~~~~~~[m[K
      |                                                                 [01;31m[K|[m[K
      |                                                                 [01;31m[Kstd::__cxx11::basic_string<char>[m[K
In file included from [01m[K/opt/ros/humble/include/rmw/rmw/types.h:28[m[K,
                 from [01m[K/opt/ros/humble/include/rcl/rcl/types.h:20[m[K,
                 from [01m[K/opt/ros/humble/include/rcl/rcl/log_level.h:22[m[K,
                 from [01m[K/opt/ros/humble/include/rcl/rcl/arguments.h:21[m[K,
                 from [01m[K/opt/ros/humble/include/rcl/rcl/context.h:28[m[K,
                 from [01m[K/opt/ros/humble/include/rcl/rcl/guard_condition.h:26[m[K,
                 from [01m[K/opt/ros/humble/include/rclcpp/rclcpp/executor.hpp:30[m[K,
                 from [01m[K/opt/ros/humble/include/rclcpp/rclcpp/executors/multi_threaded_executor.hpp:25[m[K,
                 from [01m[K/opt/ros/humble/include/rclcpp/rclcpp/executors.hpp:21[m[K,
                 from [01m[K/opt/ros/humble/include/rclcpp/rclcpp/rclcpp.hpp:155[m[K,
                 from [01m[K/home/ros/ros2proj/ComP_demo/ComP_demo_ws/src/comp_topic_rclcpp/src/CameraTimer.cpp:1[m[K:
[01m[K/opt/ros/humble/include/rcutils/rcutils/logging.h:479:16:[m[K [01;36m[Knote: [m[K  initializing argument 4 of ‚Äò[01m[Kvoid rcutils_log(const rcutils_log_location_t*, int, const char*, const char*, ...)[m[K‚Äô
  479 |   [01;36m[Kconst char * format[m[K,
      |   [01;36m[K~~~~~~~~~~~~~^~~~~~[m[K
gmake[2]: *** [CMakeFiles/CameraTimer.dir/build.make:76: CMakeFiles/CameraTimer.dir/src/CameraTimer.cpp.o] Error 1
gmake[1]: *** [CMakeFiles/Makefile2:600: CMakeFiles/CameraTimer.dir/all] Error 2
gmake[1]: *** Waiting for unfinished jobs....
[ 71%] [32m[1mLinking CXX executable Final[0m
[ 71%] Built target Final
gmake: *** [Makefile:146: all] Error 2
