[0.033s] Invoking command in '/home/ros/ros2proj/ComP_demo/build/comp_topic_rclcpp': CMAKE_PREFIX_PATH=/opt/ros/humble CONDA_PROMPT_MODIFIER=(ros2) /usr/bin/cmake /home/ros/ros2proj/ComP_demo/ComP_demo_ws/src/comp_topic_rclcpp -DCMAKE_INSTALL_PREFIX=/home/ros/ros2proj/ComP_demo/install/comp_topic_rclcpp
[0.116s] -- Found ament_cmake: 1.3.9 (/opt/ros/humble/share/ament_cmake/cmake)
[0.485s] -- Found rclcpp: 16.0.9 (/opt/ros/humble/share/rclcpp/cmake)
[0.618s] -- Found rosidl_generator_c: 3.1.5 (/opt/ros/humble/share/rosidl_generator_c/cmake)
[0.632s] -- Found rosidl_adapter: 3.1.5 (/opt/ros/humble/share/rosidl_adapter/cmake)
[0.691s] -- Found rosidl_generator_cpp: 3.1.5 (/opt/ros/humble/share/rosidl_generator_cpp/cmake)
[0.737s] -- Using all available rosidl_typesupport_c: rosidl_typesupport_fastrtps_c;rosidl_typesupport_introspection_c
[0.830s] -- Using all available rosidl_typesupport_cpp: rosidl_typesupport_fastrtps_cpp;rosidl_typesupport_introspection_cpp
[1.054s] -- Found rmw_implementation_cmake: 6.1.2 (/opt/ros/humble/share/rmw_implementation_cmake/cmake)
[1.060s] -- Found rmw_fastrtps_cpp: 6.2.6 (/opt/ros/humble/share/rmw_fastrtps_cpp/cmake)
[1.515s] -- Using RMW implementation 'rmw_fastrtps_cpp' as default
[2.304s] -- Found sensor_msgs: 4.2.4 (/opt/ros/humble/share/sensor_msgs/cmake)
[2.748s] -- Found rosidl_default_generators: 1.2.0 (/opt/ros/humble/share/rosidl_default_generators/cmake)
[3.239s] [31mCMake Error at /opt/ros/humble/share/rosidl_adapter/cmake/rosidl_adapt_interfaces.cmake:59 (message):
[3.240s]   execute_process(/home/ros/miniconda3/envs/ros2/bin/python3 -m
[3.240s]   rosidl_adapter --package-name comp_topic_rclcpp --arguments-file
[3.240s]   /home/ros/ros2proj/ComP_demo/build/comp_topic_rclcpp/rosidl_adapter__arguments__comp_topic_rclcpp.json
[3.240s]   --output-dir
[3.244s]   /home/ros/ros2proj/ComP_demo/build/comp_topic_rclcpp/rosidl_adapter/comp_topic_rclcpp
[3.244s]   --output-file
[3.244s]   /home/ros/ros2proj/ComP_demo/build/comp_topic_rclcpp/rosidl_adapter/comp_topic_rclcpp.idls)
[3.245s]   returned error code 1:
[3.245s] 
[3.245s]   AttributeError processing template 'msg.idl.em'
[3.245s] 
[3.245s]   Traceback (most recent call last):
[3.245s] 
[3.246s]     File "/opt/ros/humble/local/lib/python3.10/dist-packages/rosidl_adapter/resource/__init__.py", line 51, in evaluate_template
[3.246s]       em.BUFFERED_OPT: True,
[3.255s] 
[3.255s]   AttributeError: module 'em' has no attribute 'BUFFERED_OPT'
[3.255s] 
[3.255s]   
[3.255s] 
[3.256s]   During handling of the above exception, another exception occurred:
[3.256s] 
[3.256s]   
[3.256s] 
[3.256s]   Traceback (most recent call last):
[3.256s] 
[3.256s]     File "/home/ros/miniconda3/envs/ros2/lib/python3.10/runpy.py", line 196, in _run_module_as_main
[3.256s]       return _run_code(code, main_globals, None,
[3.256s]     File "/home/ros/miniconda3/envs/ros2/lib/python3.10/runpy.py", line 86, in _run_code
[3.256s]       exec(code, run_globals)
[3.256s]     File "/opt/ros/humble/local/lib/python3.10/dist-packages/rosidl_adapter/__main__.py", line 19, in <module>
[3.256s]       sys.exit(main())
[3.256s]     File "/opt/ros/humble/local/lib/python3.10/dist-packages/rosidl_adapter/main.py", line 53, in main
[3.256s]       abs_idl_file = convert_to_idl(
[3.256s]     File "/opt/ros/humble/local/lib/python3.10/dist-packages/rosidl_adapter/__init__.py", line 19, in convert_to_idl
[3.257s]       return convert_msg_to_idl(
[3.257s]     File "/opt/ros/humble/local/lib/python3.10/dist-packages/rosidl_adapter/msg/__init__.py", line 39, in convert_msg_to_idl
[3.257s]       expand_template('msg.idl.em', data, output_file, encoding='iso-8859-1')
[3.257s]     File "/opt/ros/humble/local/lib/python3.10/dist-packages/rosidl_adapter/resource/__init__.py", line 23, in expand_template
[3.257s]       content = evaluate_template(template_name, data)
[3.257s]     File "/opt/ros/humble/local/lib/python3.10/dist-packages/rosidl_adapter/resource/__init__.py", line 69, in evaluate_template
[3.257s]       _interpreter.shutdown()
[3.257s] 
[3.257s]   AttributeError: 'NoneType' object has no attribute 'shutdown'
[3.258s] 
[3.258s] Call Stack (most recent call first):
[3.258s]   /opt/ros/humble/share/rosidl_cmake/cmake/rosidl_generate_interfaces.cmake:130 (rosidl_adapt_interfaces)
[3.258s]   CMakeLists.txt:20 (rosidl_generate_interfaces)
[3.259s] 
[3.262s] [0m
[3.263s] -- Configuring incomplete, errors occurred!
[3.263s] See also "/home/ros/ros2proj/ComP_demo/build/comp_topic_rclcpp/CMakeFiles/CMakeOutput.log".
[3.270s] Invoked command in '/home/ros/ros2proj/ComP_demo/build/comp_topic_rclcpp' returned '1': CMAKE_PREFIX_PATH=/opt/ros/humble CONDA_PROMPT_MODIFIER=(ros2) /usr/bin/cmake /home/ros/ros2proj/ComP_demo/ComP_demo_ws/src/comp_topic_rclcpp -DCMAKE_INSTALL_PREFIX=/home/ros/ros2proj/ComP_demo/install/comp_topic_rclcpp
