[0.075s] Invoking command in '/home/ros/ros2proj/ComP_demo/ComP_demo_ws/build/comp_topic_rclcpp': CMAKE_PREFIX_PATH=/opt/ros/humble /usr/bin/cmake --build /home/ros/ros2proj/ComP_demo/ComP_demo_ws/build/comp_topic_rclcpp -- -j2 -l2
[0.326s] [  1%] Built target comp_topic_rclcpp__cpp
[0.531s] [ 10%] Built target comp_topic_rclcpp__rosidl_generator_c
[0.761s] [ 10%] Built target ament_cmake_python_copy_comp_topic_rclcpp
[0.980s] [ 13%] Built target CameraTimer
[1.182s] [ 17%] Built target Final
[1.363s] [ 22%] Built target Lane
[1.573s] [ 31%] Built target comp_topic_rclcpp__rosidl_typesupport_cpp
[1.747s] [ 39%] Built target comp_topic_rclcpp__rosidl_typesupport_fastrtps_c
[1.906s] [ 48%] Built target comp_topic_rclcpp__rosidl_typesupport_fastrtps_cpp
[2.091s] [ 56%] Built target comp_topic_rclcpp__rosidl_typesupport_introspection_c
[2.228s] [ 65%] Built target comp_topic_rclcpp__rosidl_typesupport_c
[2.418s] [ 74%] Built target comp_topic_rclcpp__rosidl_typesupport_introspection_cpp
[3.977s] running egg_info
[3.978s] writing comp_topic_rclcpp.egg-info/PKG-INFO
[3.978s] writing dependency_links to comp_topic_rclcpp.egg-info/dependency_links.txt
[3.996s] writing top-level names to comp_topic_rclcpp.egg-info/top_level.txt
[3.997s] reading manifest file 'comp_topic_rclcpp.egg-info/SOURCES.txt'
[4.001s] writing manifest file 'comp_topic_rclcpp.egg-info/SOURCES.txt'
[4.164s] [ 74%] Built target ament_cmake_python_build_comp_topic_rclcpp_egg
[4.325s] [ 75%] [32mBuilding CXX object CMakeFiles/Tracker.dir/src/Tracker.cpp.o[0m
[24.617s] [01m[K/home/ros/ros2proj/ComP_demo/ComP_demo_ws/src/comp_topic_rclcpp/src/Tracker.cpp:[m[K In member function â€˜[01m[Kvoid Tracker::image_callback(sensor_msgs::msg::Image_<std::allocator<void> >::SharedPtr)[m[Kâ€™:
[24.617s] [01m[K/home/ros/ros2proj/ComP_demo/ComP_demo_ws/src/comp_topic_rclcpp/src/Tracker.cpp:43:55:[m[K [01;31m[Kerror: [m[Kcannot bind non-const lvalue reference of type â€˜[01m[Kcv::Rect&[m[Kâ€™ {aka â€˜[01m[Kcv::Rect_<int>&[m[Kâ€™} to an rvalue of type â€˜[01m[Kcv::Rect_<int>[m[Kâ€™
[24.617s]    43 |                 bool ok = trackers_[i]->update(frame, [01;31m[Kbbox[m[K);
[24.617s]       |                                                       [01;31m[K^~~~[m[K
[24.629s] In file included from [01m[K/usr/include/opencv4/opencv2/core.hpp:57[m[K,
[24.630s]                  from [01m[K/usr/include/opencv4/opencv2/opencv.hpp:52[m[K,
[24.631s]                  from [01m[K/home/ros/ros2proj/ComP_demo/ComP_demo_ws/src/comp_topic_rclcpp/src/Tracker.cpp:5[m[K:
[24.631s] [01m[K/usr/include/opencv4/opencv2/core/types.hpp:1921:1:[m[K [01;36m[Knote: [m[K  after user-defined conversion: â€˜[01m[Kcv::Rect_<_Tp>::operator cv::Rect_<_Tp2>() const [with _Tp2 = int; _Tp = double][m[Kâ€™
[24.631s]  1921 | [01;36m[KRect_<_Tp>[m[K::operator Rect_<_Tp2>() const
[24.632s]       | [01;36m[K^~~~~~~~~~[m[K
[24.650s] In file included from [01m[K/usr/include/opencv4/opencv2/video.hpp:56[m[K,
[24.651s]                  from [01m[K/usr/include/opencv4/opencv2/opencv.hpp:89[m[K,
[24.651s]                  from [01m[K/home/ros/ros2proj/ComP_demo/ComP_demo_ws/src/comp_topic_rclcpp/src/Tracker.cpp:5[m[K:
[24.651s] [01m[K/usr/include/opencv4/opencv2/video/tracking.hpp:737:48:[m[K [01;36m[Knote: [m[K  initializing argument 2 of â€˜[01m[Kvirtual bool cv::Tracker::update(cv::InputArray, cv::Rect&)[m[Kâ€™
[24.651s]   737 |     bool update(InputArray image, CV_OUT [01;36m[KRect& boundingBox[m[K) = 0;
[24.651s]       |                                          [01;36m[K~~~~~~^~~~~~~~~~~[m[K
[24.674s] [01m[K/home/ros/ros2proj/ComP_demo/ComP_demo_ws/src/comp_topic_rclcpp/src/Tracker.cpp:[m[K In member function â€˜[01m[Kvoid Tracker::yolo_result_callback(comp_topic_rclcpp::msg::YoloResult_<std::allocator<void> >::SharedPtr)[m[Kâ€™:
[24.675s] [01m[K/home/ros/ros2proj/ComP_demo/ComP_demo_ws/src/comp_topic_rclcpp/src/Tracker.cpp:81:36:[m[K [01;31m[Kerror: [m[Kâ€˜[01m[Kcv::TrackerKCF[m[Kâ€™ has not been declared
[24.675s]    81 |                 auto tracker = cv::[01;31m[KTrackerKCF[m[K::create();
[24.675s]       |                                    [01;31m[K^~~~~~~~~~[m[K
[49.959s] gmake[2]: *** [CMakeFiles/Tracker.dir/build.make:76: CMakeFiles/Tracker.dir/src/Tracker.cpp.o] Error 1
[49.959s] gmake[1]: *** [CMakeFiles/Makefile2:653: CMakeFiles/Tracker.dir/all] Error 2
[49.960s] gmake: *** [Makefile:146: all] Error 2
[49.983s] Invoked command in '/home/ros/ros2proj/ComP_demo/ComP_demo_ws/build/comp_topic_rclcpp' returned '2': CMAKE_PREFIX_PATH=/opt/ros/humble /usr/bin/cmake --build /home/ros/ros2proj/ComP_demo/ComP_demo_ws/build/comp_topic_rclcpp -- -j2 -l2
