[0.133s] Invoking command in '/home/ros/ros2proj/ComP_demo/ComP_demo_ws/build/comp_topic_rclcpp': CMAKE_PREFIX_PATH=/opt/ros/humble /usr/bin/cmake --build /home/ros/ros2proj/ComP_demo/ComP_demo_ws/build/comp_topic_rclcpp -- -j2 -l2
[1.068s] [  1%] Built target comp_topic_rclcpp__cpp
[1.439s] [ 10%] Built target comp_topic_rclcpp__rosidl_generator_c
[1.838s] [ 10%] Built target ament_cmake_python_copy_comp_topic_rclcpp
[2.165s] [ 13%] Built target CameraTimer
[2.486s] [ 17%] Built target Final
[2.917s] [ 22%] Built target Lane
[3.316s] [ 31%] Built target comp_topic_rclcpp__rosidl_typesupport_cpp
[3.584s] [ 39%] Built target comp_topic_rclcpp__rosidl_typesupport_fastrtps_c
[3.952s] [ 48%] Built target comp_topic_rclcpp__rosidl_typesupport_fastrtps_cpp
[4.228s] [ 56%] Built target comp_topic_rclcpp__rosidl_typesupport_introspection_c
[4.552s] [ 65%] Built target comp_topic_rclcpp__rosidl_typesupport_c
[4.918s] [ 74%] Built target comp_topic_rclcpp__rosidl_typesupport_introspection_cpp
[8.370s] running egg_info
[8.392s] writing comp_topic_rclcpp.egg-info/PKG-INFO
[8.397s] writing dependency_links to comp_topic_rclcpp.egg-info/dependency_links.txt
[8.421s] writing top-level names to comp_topic_rclcpp.egg-info/top_level.txt
[8.489s] reading manifest file 'comp_topic_rclcpp.egg-info/SOURCES.txt'
[8.504s] writing manifest file 'comp_topic_rclcpp.egg-info/SOURCES.txt'
[8.883s] [ 74%] Built target ament_cmake_python_build_comp_topic_rclcpp_egg
[9.065s] [35m[1mConsolidate compiler generated dependencies of target Tracker[0m
[9.297s] [ 75%] [32mBuilding CXX object CMakeFiles/Tracker.dir/src/Tracker.cpp.o[0m
[180.405s] [ 77%] [32m[1mLinking CXX executable Tracker[0m
[186.151s] /usr/bin/ld: CMakeFiles/Tracker.dir/src/Tracker.cpp.o: in function `Tracker::Tracker()':
[186.151s] Tracker.cpp:(.text._ZN7TrackerC2Ev[_ZN7TrackerC5Ev]+0x15e): undefined reference to `cv::Mat::Mat()'
[186.160s] /usr/bin/ld: Tracker.cpp:(.text._ZN7TrackerC2Ev[_ZN7TrackerC5Ev]+0x838): undefined reference to `cv::Mat::~Mat()'
[186.160s] /usr/bin/ld: CMakeFiles/Tracker.dir/src/Tracker.cpp.o: in function `Tracker::image_callback(std::shared_ptr<sensor_msgs::msg::Image_<std::allocator<void> > >)':
[186.160s] Tracker.cpp:(.text._ZN7Tracker14image_callbackESt10shared_ptrIN11sensor_msgs3msg6Image_ISaIvEEEE[_ZN7Tracker14image_callbackESt10shared_ptrIN11sensor_msgs3msg6Image_ISaIvEEEE]+0x211): undefined reference to `cv::Mat::Mat(int, int, int, void*, unsigned long)'
[186.171s] /usr/bin/ld: Tracker.cpp:(.text._ZN7Tracker14image_callbackESt10shared_ptrIN11sensor_msgs3msg6Image_ISaIvEEEE[_ZN7Tracker14image_callbackESt10shared_ptrIN11sensor_msgs3msg6Image_ISaIvEEEE]+0x354): undefined reference to `cv::rectangle(cv::_InputOutputArray const&, cv::Rect_<int>, cv::Scalar_<double> const&, int, int, int)'
[186.171s] /usr/bin/ld: Tracker.cpp:(.text._ZN7Tracker14image_callbackESt10shared_ptrIN11sensor_msgs3msg6Image_ISaIvEEEE[_ZN7Tracker14image_callbackESt10shared_ptrIN11sensor_msgs3msg6Image_ISaIvEEEE]+0x646): undefined reference to `cv::imshow(std::__cxx11::basic_string<char, std::char_traits<char>, std::allocator<char> > const&, cv::_InputArray const&)'
[186.177s] /usr/bin/ld: Tracker.cpp:(.text._ZN7Tracker14image_callbackESt10shared_ptrIN11sensor_msgs3msg6Image_ISaIvEEEE[_ZN7Tracker14image_callbackESt10shared_ptrIN11sensor_msgs3msg6Image_ISaIvEEEE]+0x67d): undefined reference to `cv::waitKey(int)'
[186.177s] /usr/bin/ld: Tracker.cpp:(.text._ZN7Tracker14image_callbackESt10shared_ptrIN11sensor_msgs3msg6Image_ISaIvEEEE[_ZN7Tracker14image_callbackESt10shared_ptrIN11sensor_msgs3msg6Image_ISaIvEEEE]+0x68c): undefined reference to `cv::Mat::~Mat()'
[186.186s] /usr/bin/ld: Tracker.cpp:(.text._ZN7Tracker14image_callbackESt10shared_ptrIN11sensor_msgs3msg6Image_ISaIvEEEE[_ZN7Tracker14image_callbackESt10shared_ptrIN11sensor_msgs3msg6Image_ISaIvEEEE]+0x7d1): undefined reference to `cv::Mat::~Mat()'
[186.195s] /usr/bin/ld: CMakeFiles/Tracker.dir/src/Tracker.cpp.o: in function `Tracker::yolo_result_callback(std::shared_ptr<comp_topic_rclcpp::msg::YoloResult_<std::allocator<void> > >)':
[186.195s] Tracker.cpp:(.text._ZN7Tracker20yolo_result_callbackESt10shared_ptrIN17comp_topic_rclcpp3msg11YoloResult_ISaIvEEEE[_ZN7Tracker20yolo_result_callbackESt10shared_ptrIN17comp_topic_rclcpp3msg11YoloResult_ISaIvEEEE]+0x285): undefined reference to `cv::tracking::TrackerKCF::Params::Params()'
[186.204s] /usr/bin/ld: Tracker.cpp:(.text._ZN7Tracker20yolo_result_callbackESt10shared_ptrIN17comp_topic_rclcpp3msg11YoloResult_ISaIvEEEE[_ZN7Tracker20yolo_result_callbackESt10shared_ptrIN17comp_topic_rclcpp3msg11YoloResult_ISaIvEEEE]+0x29e): undefined reference to `cv::tracking::TrackerKCF::create(cv::tracking::TrackerKCF::Params const&)'
[186.320s] /usr/bin/ld: CMakeFiles/Tracker.dir/src/Tracker.cpp.o: in function `Tracker::~Tracker()':
[186.321s] Tracker.cpp:(.text._ZN7TrackerD2Ev[_ZN7TrackerD5Ev]+0x2c): undefined reference to `cv::Mat::~Mat()'
[186.855s] collect2: error: ld returned 1 exit status
[186.858s] gmake[2]: *** [CMakeFiles/Tracker.dir/build.make:176: Tracker] Error 1
[186.859s] gmake[1]: *** [CMakeFiles/Makefile2:653: CMakeFiles/Tracker.dir/all] Error 2
[186.869s] gmake: *** [Makefile:146: all] Error 2
[186.946s] Invoked command in '/home/ros/ros2proj/ComP_demo/ComP_demo_ws/build/comp_topic_rclcpp' returned '2': CMAKE_PREFIX_PATH=/opt/ros/humble /usr/bin/cmake --build /home/ros/ros2proj/ComP_demo/ComP_demo_ws/build/comp_topic_rclcpp -- -j2 -l2
