[0.046s] Invoking command in '/home/ros/ros2proj/ComP_demo/ComP_demo_ws/build/comp_topic_rclcpp': CMAKE_PREFIX_PATH=/opt/ros/humble /usr/bin/cmake --build /home/ros/ros2proj/ComP_demo/ComP_demo_ws/build/comp_topic_rclcpp -- -j2 -l2
[0.253s] [  1%] Built target comp_topic_rclcpp__cpp
[0.262s] [ 10%] Built target comp_topic_rclcpp__rosidl_generator_c
[0.352s] [ 13%] Built target CameraTimer
[0.407s] [ 13%] Built target ament_cmake_python_copy_comp_topic_rclcpp
[0.465s] [ 18%] Built target Lane
[0.505s] [ 27%] Built target comp_topic_rclcpp__rosidl_typesupport_cpp
[0.584s] [ 36%] Built target comp_topic_rclcpp__rosidl_typesupport_fastrtps_c
[0.648s] [ 44%] Built target comp_topic_rclcpp__rosidl_typesupport_fastrtps_cpp
[0.730s] [ 53%] Built target comp_topic_rclcpp__rosidl_typesupport_c
[0.748s] [ 62%] Built target comp_topic_rclcpp__rosidl_typesupport_introspection_c
[0.937s] [ 70%] Built target comp_topic_rclcpp__rosidl_typesupport_introspection_cpp
[1.140s] [ 74%] Built target Final
[1.376s] [35m[1mConsolidate compiler generated dependencies of target Tracker[0m
[1.583s] [ 75%] [32mBuilding CXX object CMakeFiles/Tracker.dir/src/Tracker.cpp.o[0m
[1.623s] [01m[K/home/ros/ros2proj/ComP_demo/ComP_demo_ws/src/comp_topic_rclcpp/src/Tracker.cpp:1:24:[m[K [01;31m[Kerror: [m[K‚Äò[01m[Krclcpp[m[K‚Äô has not been declared
[1.623s]     1 | class Tracker : public [01;31m[Krclcpp[m[K::Node
[1.630s]       |                        [01;31m[K^~~~~~[m[K
[1.643s] [01m[K/home/ros/ros2proj/ComP_demo/ComP_demo_ws/src/comp_topic_rclcpp/src/Tracker.cpp:1:32:[m[K [01;31m[Kerror: [m[Kexpected ‚Äò[01m[K{[m[K‚Äô before ‚Äò[01m[KNode[m[K‚Äô
[1.644s]     1 | class Tracker : public rclcpp::[01;31m[KNode[m[K
[1.644s]       |                                [01;31m[K^~~~[m[K
[1.644s] [01m[K/home/ros/ros2proj/ComP_demo/ComP_demo_ws/src/comp_topic_rclcpp/src/Tracker.cpp:3:1:[m[K [01;31m[Kerror: [m[Kexpected primary-expression before ‚Äò[01m[Kpublic[m[K‚Äô
[1.644s]     3 | [01;31m[Kpublic[m[K:
[1.647s]       | [01;31m[K^~~~~~[m[K
[1.647s] [01m[K/home/ros/ros2proj/ComP_demo/ComP_demo_ws/src/comp_topic_rclcpp/src/Tracker.cpp:3:1:[m[K [01;31m[Kerror: [m[Kexpected ‚Äò[01m[K}[m[K‚Äô before ‚Äò[01m[Kpublic[m[K‚Äô
[1.653s] [01m[K/home/ros/ros2proj/ComP_demo/ComP_demo_ws/src/comp_topic_rclcpp/src/Tracker.cpp:2:1:[m[K [01;36m[Knote: [m[Kto match this ‚Äò[01m[K{[m[K‚Äô
[1.654s]     2 | [01;36m[K{[m[K
[1.655s]       | [01;36m[K^[m[K
[1.660s] [01m[K/home/ros/ros2proj/ComP_demo/ComP_demo_ws/src/comp_topic_rclcpp/src/Tracker.cpp:23:1:[m[K [01;31m[Kerror: [m[Kexpected unqualified-id before ‚Äò[01m[Kprivate[m[K‚Äô
[1.661s]    23 | [01;31m[Kprivate[m[K:
[1.661s]       | [01;31m[K^~~~~~~[m[K
[1.661s] [01m[K/home/ros/ros2proj/ComP_demo/ComP_demo_ws/src/comp_topic_rclcpp/src/Tracker.cpp:26:5:[m[K [01;31m[Kerror: [m[K‚Äò[01m[Krclcpp[m[K‚Äô does not name a type
[1.661s]    26 |     [01;31m[Krclcpp[m[K::Subscription<comp_topic_rclcpp::msg::YoloResult>::SharedPtr yolo_result_subscription_;
[1.661s]       |     [01;31m[K^~~~~~[m[K
[1.661s] [01m[K/home/ros/ros2proj/ComP_demo/ComP_demo_ws/src/comp_topic_rclcpp/src/Tracker.cpp:27:5:[m[K [01;31m[Kerror: [m[K‚Äò[01m[Krclcpp[m[K‚Äô does not name a type
[1.661s]    27 |     [01;31m[Krclcpp[m[K::Publisher<comp_topic_rclcpp::msg::TrackerResult>::SharedPtr tracker_result_publisher_;
[1.661s]       |     [01;31m[K^~~~~~[m[K
[1.661s] [01m[K/home/ros/ros2proj/ComP_demo/ComP_demo_ws/src/comp_topic_rclcpp/src/Tracker.cpp:28:5:[m[K [01;31m[Kerror: [m[K‚Äò[01m[Krclcpp[m[K‚Äô does not name a type
[1.662s]    28 |     [01;31m[Krclcpp[m[K::Publisher<sensor_msgs::msg::Image>::SharedPtr raw_image_publisher_;
[1.662s]       |     [01;31m[K^~~~~~[m[K
[1.667s] [01m[K/home/ros/ros2proj/ComP_demo/ComP_demo_ws/src/comp_topic_rclcpp/src/Tracker.cpp:31:10:[m[K [01;31m[Kerror: [m[K‚Äò[01m[Kvector[m[K‚Äô in namespace ‚Äò[01m[Kstd[m[K‚Äô does not name a template type
[1.670s]    31 |     std::[01;31m[Kvector[m[K<cv::Ptr<cv::Tracker>> trackers_;
[1.672s]       |          [01;31m[K^~~~~~[m[K
[1.672s] [01m[K/home/ros/ros2proj/ComP_demo/ComP_demo_ws/src/comp_topic_rclcpp/src/Tracker.cpp:1:1:[m[K [01;36m[Knote: [m[K‚Äò[01m[Kstd::vector[m[K‚Äô is defined in header ‚Äò[01m[K<vector>[m[K‚Äô; did you forget to ‚Äò[01m[K#include <vector>[m[K‚Äô?
[1.673s]   +++ |+[32m[K#include <vector>[m[K
[1.673s]     1 | class Tracker : public rclcpp::Node
[1.673s] [01m[K/home/ros/ros2proj/ComP_demo/ComP_demo_ws/src/comp_topic_rclcpp/src/Tracker.cpp:34:5:[m[K [01;31m[Kerror: [m[K‚Äò[01m[Kcv[m[K‚Äô does not name a type
[1.678s]    34 |     [01;31m[Kcv[m[K::Mat frame_;
[1.678s]       |     [01;31m[K^~[m[K
[1.678s] [01m[K/home/ros/ros2proj/ComP_demo/ComP_demo_ws/src/comp_topic_rclcpp/src/Tracker.cpp:35:5:[m[K [01;31m[Kerror: [m[K‚Äò[01m[Ksensor_msgs[m[K‚Äô does not name a type
[1.678s]    35 |     [01;31m[Ksensor_msgs[m[K::msg::Image::SharedPtr latest_image_msg_; // ‰øùÂ≠òÊúÄÊñ∞ÁöÑÂõæÂÉèÊ∂àÊÅØ
[1.678s]       |     [01;31m[K^~~~~~~~~~~[m[K
[1.678s] [01m[K/home/ros/ros2proj/ComP_demo/ComP_demo_ws/src/comp_topic_rclcpp/src/Tracker.cpp:36:1:[m[K [01;31m[Kerror: [m[Kexpected declaration before ‚Äò[01m[K}[m[K‚Äô token
[1.679s]    36 | [01;31m[K}[m[K;
[1.679s]       | [01;31m[K^[m[K
[1.679s] gmake[2]: *** [CMakeFiles/Tracker.dir/build.make:76: CMakeFiles/Tracker.dir/src/Tracker.cpp.o] Error 1
[1.682s] gmake[1]: *** [CMakeFiles/Makefile2:654: CMakeFiles/Tracker.dir/all] Error 2
[1.683s] gmake[1]: *** Waiting for unfinished jobs....
[2.441s] running egg_info
[2.442s] writing comp_topic_rclcpp.egg-info/PKG-INFO
[2.445s] writing dependency_links to comp_topic_rclcpp.egg-info/dependency_links.txt
[2.451s] writing top-level names to comp_topic_rclcpp.egg-info/top_level.txt
[2.454s] reading manifest file 'comp_topic_rclcpp.egg-info/SOURCES.txt'
[2.461s] writing manifest file 'comp_topic_rclcpp.egg-info/SOURCES.txt'
[2.650s] [ 75%] Built target ament_cmake_python_build_comp_topic_rclcpp_egg
[2.652s] gmake: *** [Makefile:146: all] Error 2
[2.665s] Invoked command in '/home/ros/ros2proj/ComP_demo/ComP_demo_ws/build/comp_topic_rclcpp' returned '2': CMAKE_PREFIX_PATH=/opt/ros/humble /usr/bin/cmake --build /home/ros/ros2proj/ComP_demo/ComP_demo_ws/build/comp_topic_rclcpp -- -j2 -l2
