[  1%] Built target comp_topic_rclcpp__cpp
[ 10%] Built target comp_topic_rclcpp__rosidl_generator_c
[ 13%] Built target CameraTimer
[ 13%] Built target ament_cmake_python_copy_comp_topic_rclcpp
[ 22%] Built target comp_topic_rclcpp__rosidl_typesupport_cpp
[ 32%] Built target comp_topic_rclcpp__rosidl_typesupport_fastrtps_c
[ 41%] Built target comp_topic_rclcpp__rosidl_typesupport_fastrtps_cpp
[ 51%] Built target comp_topic_rclcpp__rosidl_typesupport_introspection_c
[ 60%] Built target comp_topic_rclcpp__rosidl_typesupport_c
[ 70%] Built target comp_topic_rclcpp__rosidl_typesupport_introspection_cpp
[35m[1mConsolidate compiler generated dependencies of target Final[0m
[ 71%] [32mBuilding CXX object CMakeFiles/Final.dir/src/Final.cpp.o[0m
running egg_info
writing comp_topic_rclcpp.egg-info/PKG-INFO
writing dependency_links to comp_topic_rclcpp.egg-info/dependency_links.txt
writing top-level names to comp_topic_rclcpp.egg-info/top_level.txt
reading manifest file 'comp_topic_rclcpp.egg-info/SOURCES.txt'
writing manifest file 'comp_topic_rclcpp.egg-info/SOURCES.txt'
[ 71%] Built target ament_cmake_python_build_comp_topic_rclcpp_egg
[ 74%] Built target Tracker
[ 75%] [32mBuilding CXX object CMakeFiles/Lane.dir/src/Lane.cpp.o[0m
[01m[K/home/ros/ros2proj/ComP_demo/ComP_demo_ws/src/comp_topic_rclcpp/src/Lane.cpp:31:26:[m[K [01;31m[Kerror: [m[Kâ€˜[01m[Klog_path_env[m[Kâ€™ is not a type
   31 |     std::string log_path([01;31m[Klog_path_env[m[K);
      |                          [01;31m[K^~~~~~~~~~~~[m[K
[01m[K/home/ros/ros2proj/ComP_demo/ComP_demo_ws/src/comp_topic_rclcpp/src/Lane.cpp:[m[K In member function â€˜[01m[Kvoid Lane::initialize_log_file(const string&)[m[Kâ€™:
[01m[K/home/ros/ros2proj/ComP_demo/ComP_demo_ws/src/comp_topic_rclcpp/src/Lane.cpp:36:41:[m[K [01;31m[Kerror: [m[Kinvalid use of non-static member function â€˜[01m[Kstd::string Lane::log_path(int)[m[Kâ€™
   36 |         std::string log_file = [01;31m[Klog_path + log_name[m[K + ".log";
      |                                [01;31m[K~~~~~~~~~^~~~~~~~~~[m[K
[01m[K/home/ros/ros2proj/ComP_demo/ComP_demo_ws/src/comp_topic_rclcpp/src/Lane.cpp:31:17:[m[K [01;36m[Knote: [m[Kdeclared here
   31 |     std::string [01;36m[Klog_path[m[K(log_path_env);
      |                 [01;36m[K^~~~~~~~[m[K
[01m[K/home/ros/ros2proj/ComP_demo/ComP_demo_ws/src/comp_topic_rclcpp/src/Lane.cpp:[m[K In member function â€˜[01m[Kvoid Lane::log_tra_latency(const rclcpp::Time&)[m[Kâ€™:
[01m[K/home/ros/ros2proj/ComP_demo/ComP_demo_ws/src/comp_topic_rclcpp/src/Lane.cpp:54:32:[m[K [01;31m[Kerror: [m[Kinvalid use of member function â€˜[01m[Kstd::string Lane::log_path(int)[m[Kâ€™ (did you forget the â€˜[01m[K()[m[Kâ€™ ?)
   54 |         std::string log_file = [01;31m[Klog_path[m[K + "/tra_Lane_CameraTimerImage.log";
      |                                [01;31m[K^~~~~~~~[m[K
[01m[K/home/ros/ros2proj/ComP_demo/ComP_demo_ws/src/comp_topic_rclcpp/src/Lane.cpp:[m[K In member function â€˜[01m[Kvoid Lane::log_cal_latency(const uint64_t&)[m[Kâ€™:
[01m[K/home/ros/ros2proj/ComP_demo/ComP_demo_ws/src/comp_topic_rclcpp/src/Lane.cpp:72:32:[m[K [01;31m[Kerror: [m[Kinvalid use of member function â€˜[01m[Kstd::string Lane::log_path(int)[m[Kâ€™ (did you forget the â€˜[01m[K()[m[Kâ€™ ?)
   72 |         std::string log_file = [01;31m[Klog_path[m[K + "/cal_Lane.log";
      |                                [01;31m[K^~~~~~~~[m[K
gmake[2]: *** [CMakeFiles/Lane.dir/build.make:76: CMakeFiles/Lane.dir/src/Lane.cpp.o] Error 1
gmake[1]: *** [CMakeFiles/Makefile2:681: CMakeFiles/Lane.dir/all] Error 2
gmake[1]: *** Waiting for unfinished jobs....
[ 77%] [32m[1mLinking CXX executable Final[0m
[ 77%] Built target Final
gmake: *** [Makefile:146: all] Error 2
