[0.065s] Invoking command in '/home/ros/ros2proj/ComP_demo/ComP_demo_ws/build/comp_topic_rclcpp': CMAKE_PREFIX_PATH=/opt/ros/humble /usr/bin/cmake --build /home/ros/ros2proj/ComP_demo/ComP_demo_ws/build/comp_topic_rclcpp -- -j2 -l2
[0.385s] -- Found ament_cmake: 1.3.9 (/opt/ros/humble/share/ament_cmake/cmake)
[1.018s] -- Found rclcpp: 16.0.9 (/opt/ros/humble/share/rclcpp/cmake)
[1.209s] -- Found rosidl_generator_c: 3.1.5 (/opt/ros/humble/share/rosidl_generator_c/cmake)
[1.226s] -- Found rosidl_adapter: 3.1.5 (/opt/ros/humble/share/rosidl_adapter/cmake)
[1.259s] -- Found rosidl_generator_cpp: 3.1.5 (/opt/ros/humble/share/rosidl_generator_cpp/cmake)
[1.334s] -- Using all available rosidl_typesupport_c: rosidl_typesupport_fastrtps_c;rosidl_typesupport_introspection_c
[1.420s] -- Using all available rosidl_typesupport_cpp: rosidl_typesupport_fastrtps_cpp;rosidl_typesupport_introspection_cpp
[1.723s] -- Found rmw_implementation_cmake: 6.1.2 (/opt/ros/humble/share/rmw_implementation_cmake/cmake)
[1.749s] -- Found rmw_fastrtps_cpp: 6.2.6 (/opt/ros/humble/share/rmw_fastrtps_cpp/cmake)
[2.059s] -- Using RMW implementation 'rmw_fastrtps_cpp' as default
[2.589s] -- Found sensor_msgs: 4.2.4 (/opt/ros/humble/share/sensor_msgs/cmake)
[3.055s] -- Found rosidl_default_generators: 1.2.0 (/opt/ros/humble/share/rosidl_default_generators/cmake)
[4.265s] -- Found ament_cmake_ros: 0.10.0 (/opt/ros/humble/share/ament_cmake_ros/cmake)
[5.763s] -- Using all available rosidl_typesupport_c: rosidl_typesupport_fastrtps_c;rosidl_typesupport_introspection_c
[6.294s] -- Using all available rosidl_typesupport_cpp: rosidl_typesupport_fastrtps_cpp;rosidl_typesupport_introspection_cpp
[6.441s] -- Found python_cmake_module: 0.10.0 (/opt/ros/humble/share/python_cmake_module/cmake)
[6.556s] -- Using PYTHON_EXECUTABLE: /usr/bin/python3
[6.557s] -- Using PYTHON_INCLUDE_DIRS: /usr/include/python3.10
[6.557s] -- Using PYTHON_LIBRARIES: /usr/lib/x86_64-linux-gnu/libpython3.10.so
[6.706s] -- Found ament_lint_auto: 0.12.11 (/opt/ros/humble/share/ament_lint_auto/cmake)
[6.810s] -- Added test 'cppcheck' to perform static code analysis on C / C++ code
[6.816s] -- Configured cppcheck include dirs: /home/ros/ros2proj/ComP_demo/ComP_demo_ws/src/comp_topic_rclcpp/include
[6.816s] -- Configured cppcheck exclude dirs and/or files: 
[6.822s] -- Added test 'lint_cmake' to check CMake code style
[6.835s] -- Added test 'uncrustify' to check C / C++ code style
[6.836s] -- Configured uncrustify additional arguments: 
[6.837s] -- Added test 'xmllint' to check XML markup files
[6.867s] -- Configuring done
[7.396s] -- Generating done
[7.430s] -- Build files have been written to: /home/ros/ros2proj/ComP_demo/ComP_demo_ws/build/comp_topic_rclcpp
[7.604s] [  1%] [34m[1mGenerating C code for ROS interfaces[0m
[7.676s] [  2%] [34m[1mGenerating C++ code for ROS interfaces[0m
[10.784s] [  2%] Built target comp_topic_rclcpp__cpp
[11.061s] [  2%] Built target ament_cmake_python_copy_comp_topic_rclcpp
[11.139s] [35m[1mConsolidate compiler generated dependencies of target CameraTimer[0m
[11.139s] [35m[1mConsolidate compiler generated dependencies of target comp_topic_rclcpp__rosidl_generator_c[0m
[11.224s] [  4%] [32mBuilding C object CMakeFiles/comp_topic_rclcpp__rosidl_generator_c.dir/rosidl_generator_c/comp_topic_rclcpp/msg/detail/yolo_piece__functions.c.o[0m
[11.235s] [  6%] Built target CameraTimer
[11.301s] [35m[1mConsolidate compiler generated dependencies of target Lane[0m
[11.434s] [  8%] [32mBuilding CXX object CMakeFiles/Lane.dir/src/Lane.cpp.o[0m
[11.713s] [  9%] [32mBuilding C object CMakeFiles/comp_topic_rclcpp__rosidl_generator_c.dir/rosidl_generator_c/comp_topic_rclcpp/msg/detail/yolo_result__functions.c.o[0m
[11.995s] [ 10%] [32mBuilding C object CMakeFiles/comp_topic_rclcpp__rosidl_generator_c.dir/rosidl_generator_c/comp_topic_rclcpp/msg/detail/tracker_result__functions.c.o[0m
[12.331s] [ 12%] [32mBuilding C object CMakeFiles/comp_topic_rclcpp__rosidl_generator_c.dir/rosidl_generator_c/comp_topic_rclcpp/msg/detail/lane_result__functions.c.o[0m
[12.696s] [ 13%] [32mBuilding C object CMakeFiles/comp_topic_rclcpp__rosidl_generator_c.dir/rosidl_generator_c/comp_topic_rclcpp/msg/detail/point_detect__functions.c.o[0m
[12.716s] [01m[K/home/ros/ros2proj/ComP_demo/ComP_demo_ws/src/comp_topic_rclcpp/src/Lane.cpp:3:10:[m[K [01;31m[Kfatal error: [m[Kcomp_topic_rclcpp/msg/lane_result.hpp: No such file or directory
[12.717s]     3 | #include [01;31m[K"comp_topic_rclcpp/msg/lane_result.hpp"[m[K
[12.717s]       |          [01;31m[K^~~~~~~~~~~~~~~~~~~~~~~~~~~~~~~~~~~~~~~~[m[K
[12.717s] compilation terminated.
[12.736s] gmake[2]: *** [CMakeFiles/Lane.dir/build.make:76: CMakeFiles/Lane.dir/src/Lane.cpp.o] Error 1
[12.737s] gmake[1]: *** [CMakeFiles/Makefile2:680: CMakeFiles/Lane.dir/all] Error 2
[12.737s] gmake[1]: *** Waiting for unfinished jobs....
[12.884s] [ 14%] [32m[1mLinking C shared library libcomp_topic_rclcpp__rosidl_generator_c.so[0m
[13.071s] [ 14%] Built target comp_topic_rclcpp__rosidl_generator_c
[13.073s] gmake: *** [Makefile:146: all] Error 2
[13.094s] Invoked command in '/home/ros/ros2proj/ComP_demo/ComP_demo_ws/build/comp_topic_rclcpp' returned '2': CMAKE_PREFIX_PATH=/opt/ros/humble /usr/bin/cmake --build /home/ros/ros2proj/ComP_demo/ComP_demo_ws/build/comp_topic_rclcpp -- -j2 -l2
