[0.141s] Invoking command in '/home/ros/ros2proj/ComP_demo/ComP_demo_ws/build/comp_topic_rclcpp': CMAKE_PREFIX_PATH=/opt/ros/humble /usr/bin/cmake --build /home/ros/ros2proj/ComP_demo/ComP_demo_ws/build/comp_topic_rclcpp -- -j2 -l2
[0.769s] [  1%] Built target comp_topic_rclcpp__cpp
[0.889s] [35m[1mConsolidate compiler generated dependencies of target comp_topic_rclcpp__rosidl_generator_c[0m
[1.001s] [ 10%] Built target comp_topic_rclcpp__rosidl_generator_c
[1.286s] [ 10%] Built target ament_cmake_python_copy_comp_topic_rclcpp
[1.535s] [ 13%] Built target CameraTimer
[1.692s] [35m[1mConsolidate compiler generated dependencies of target comp_topic_rclcpp__rosidl_typesupport_cpp[0m
[1.829s] [ 22%] Built target comp_topic_rclcpp__rosidl_typesupport_cpp
[1.929s] [35m[1mConsolidate compiler generated dependencies of target comp_topic_rclcpp__rosidl_typesupport_fastrtps_c[0m
[2.090s] [ 32%] Built target comp_topic_rclcpp__rosidl_typesupport_fastrtps_c
[2.256s] [35m[1mConsolidate compiler generated dependencies of target comp_topic_rclcpp__rosidl_typesupport_fastrtps_cpp[0m
[2.334s] [ 41%] Built target comp_topic_rclcpp__rosidl_typesupport_fastrtps_cpp
[2.403s] [35m[1mConsolidate compiler generated dependencies of target comp_topic_rclcpp__rosidl_typesupport_introspection_c[0m
[2.483s] [ 51%] Built target comp_topic_rclcpp__rosidl_typesupport_introspection_c
[2.636s] [35m[1mConsolidate compiler generated dependencies of target comp_topic_rclcpp__rosidl_typesupport_c[0m
[2.698s] [ 60%] Built target comp_topic_rclcpp__rosidl_typesupport_c
[2.866s] [35m[1mConsolidate compiler generated dependencies of target comp_topic_rclcpp__rosidl_typesupport_introspection_cpp[0m
[2.991s] [ 70%] Built target comp_topic_rclcpp__rosidl_typesupport_introspection_cpp
[4.091s] Traceback (most recent call last):
[4.095s]   File "/home/ros/ros2proj/ComP_demo/ComP_demo_ws/build/comp_topic_rclcpp/ament_cmake_python/comp_topic_rclcpp/setup.py", line 1, in <module>
[4.104s]     from setuptools import find_packages
[4.104s]   File "/usr/lib/python3/dist-packages/setuptools/__init__.py", line 16, in <module>
[4.104s]     import setuptools.version
[4.105s]   File "/usr/lib/python3/dist-packages/setuptools/version.py", line 1, in <module>
[4.105s]     import pkg_resources
[4.105s]   File "/usr/lib/python3/dist-packages/pkg_resources/__init__.py", line 3267, in <module>
[4.105s]     def _initialize_master_working_set():
[4.105s]   File "/usr/lib/python3/dist-packages/pkg_resources/__init__.py", line 3241, in _call_aside
[4.106s]     f(*args, **kwargs)
[4.106s]   File "/usr/lib/python3/dist-packages/pkg_resources/__init__.py", line 3279, in _initialize_master_working_set
[4.106s]     working_set = WorkingSet._build_master()
[4.106s]   File "/usr/lib/python3/dist-packages/pkg_resources/__init__.py", line 564, in _build_master
[4.106s]     ws = cls()
[4.120s]   File "/usr/lib/python3/dist-packages/pkg_resources/__init__.py", line 557, in __init__
[4.120s]     self.add_entry(entry)
[4.121s]   File "/usr/lib/python3/dist-packages/pkg_resources/__init__.py", line 613, in add_entry
[4.121s]     for dist in find_distributions(entry, True):
[4.121s]   File "/usr/lib/python3/dist-packages/pkg_resources/__init__.py", line 2077, in find_on_path
[4.121s]     for dist in factory(fullpath):
[4.121s]   File "/usr/lib/python3/dist-packages/pkg_resources/__init__.py", line 2142, in distributions_from_metadata
[4.129s]     yield Distribution.from_location(
[4.129s]   File "/usr/lib/python3/dist-packages/pkg_resources/__init__.py", line 2606, in from_location
[4.129s]     )._reload_version()
[4.129s]   File "/usr/lib/python3/dist-packages/pkg_resources/__init__.py", line 3004, in _reload_version
[4.129s]     md_version = self._get_version()
[4.141s]   File "/usr/lib/python3/dist-packages/pkg_resources/__init__.py", line 2785, in _get_version
[4.142s]     version = _version_from_file(lines)
[4.142s]   File "/usr/lib/python3/dist-packages/pkg_resources/__init__.py", line 2569, in _version_from_file
[4.142s]     line = next(iter(version_lines), '')
[4.142s]   File "/usr/lib/python3/dist-packages/pkg_resources/__init__.py", line 2780, in _get_metadata
[4.142s]     for line in self.get_metadata_lines(name):
[4.143s]   File "/usr/lib/python3/dist-packages/pkg_resources/__init__.py", line 1422, in get_metadata_lines
[4.143s]     return yield_lines(self.get_metadata(name))
[4.143s]   File "/usr/lib/python3/dist-packages/pkg_resources/__init__.py", line 1412, in get_metadata
[4.143s]     value = self._get(path)
[4.153s]   File "/usr/lib/python3/dist-packages/pkg_resources/__init__.py", line 1617, in _get
[4.153s]     return stream.read()
[4.153s] KeyboardInterrupt
[4.229s] gmake[2]: *** [CMakeFiles/ament_cmake_python_build_comp_topic_rclcpp_egg.dir/build.make:70: CMakeFiles/ament_cmake_python_build_comp_topic_rclcpp_egg] Interrupt
[4.229s] gmake[1]: *** [CMakeFiles/Makefile2:457: CMakeFiles/ament_cmake_python_build_comp_topic_rclcpp_egg.dir/all] Interrupt
[4.230s] gmake: *** [Makefile:146: all] Interrupt
[4.242s] Invoked command in '/home/ros/ros2proj/ComP_demo/ComP_demo_ws/build/comp_topic_rclcpp' returned '-2': CMAKE_PREFIX_PATH=/opt/ros/humble /usr/bin/cmake --build /home/ros/ros2proj/ComP_demo/ComP_demo_ws/build/comp_topic_rclcpp -- -j2 -l2
