[01m[K/home/ros/ros2proj/ComP_demo/ComP_demo_ws/src/comp_topic_rclcpp/src/Final.cpp:65:30:[m[K [01;31m[Kerror: [m[Kâ€˜[01m[Klog_path_env[m[Kâ€™ has not been declared
   65 |         std::string log_path([01;31m[Klog_path_env[m[K);
      |                              [01;31m[K^~~~~~~~~~~~[m[K
[01m[K/home/ros/ros2proj/ComP_demo/ComP_demo_ws/src/comp_topic_rclcpp/src/Final.cpp:69:27:[m[K [01;31m[Kerror: [m[Kâ€˜[01m[Klog_file[m[Kâ€™ is not a type
   69 |         std::ofstream ofs([01;31m[Klog_file[m[K, std::ios_base::app);
      |                           [01;31m[K^~~~~~~~[m[K
[01m[K/home/ros/ros2proj/ComP_demo/ComP_demo_ws/src/comp_topic_rclcpp/src/Final.cpp:69:37:[m[K [01;31m[Kerror: [m[Kâ€˜[01m[Kstd::ios_base::app[m[Kâ€™ is not a type
   69 |         std::ofstream ofs(log_file, [01;31m[Kstd[m[K::ios_base::app);
      |                                     [01;31m[K^~~[m[K
[01m[K/home/ros/ros2proj/ComP_demo/ComP_demo_ws/src/comp_topic_rclcpp/src/Final.cpp:70:9:[m[K [01;31m[Kerror: [m[Kexpected unqualified-id before â€˜[01m[Kif[m[Kâ€™
   70 |         [01;31m[Kif[m[K (ofs.is_open())
      |         [01;31m[K^~[m[K
[01m[K/home/ros/ros2proj/ComP_demo/ComP_demo_ws/src/comp_topic_rclcpp/src/Final.cpp:75:9:[m[K [01;31m[Kerror: [m[Kexpected unqualified-id before â€˜[01m[Kelse[m[Kâ€™
   75 |         [01;31m[Kelse[m[K
      |         [01;31m[K^~~~[m[K
[01m[K/home/ros/ros2proj/ComP_demo/ComP_demo_ws/src/comp_topic_rclcpp/src/Final.cpp:79:6:[m[K [01;31m[Kerror: [m[Kexpected â€˜[01m[K;[m[Kâ€™ after class definition
   79 |     }
      |      [01;31m[K^[m[K
      |      [32m[K;[m[K
[01m[K/home/ros/ros2proj/ComP_demo/ComP_demo_ws/src/comp_topic_rclcpp/src/Final.cpp:66:32:[m[K [01;31m[Kerror: [m[Kinvalid use of member function â€˜[01m[Kstd::string Final::log_path(int)[m[Kâ€™ (did you forget the â€˜[01m[K()[m[Kâ€™ ?)
   66 |         std::string log_file = [01;31m[Klog_path[m[K + "/tra_Final_" + topic_name + ".log";
      |                                [01;31m[K^~~~~~~~[m[K
[01m[K/home/ros/ros2proj/ComP_demo/ComP_demo_ws/src/comp_topic_rclcpp/src/Final.cpp:66:59:[m[K [01;31m[Kerror: [m[Kâ€˜[01m[Ktopic_name[m[Kâ€™ was not declared in this scope; did you mean â€˜[01m[Ktypename[m[Kâ€™?
   66 |         std::string log_file = log_path + "/tra_Final_" + [01;31m[Ktopic_name[m[K + ".log";
      |                                                           [01;31m[K^~~~~~~~~~[m[K
      |                                                           [32m[Ktypename[m[K
[01m[K/home/ros/ros2proj/ComP_demo/ComP_demo_ws/src/comp_topic_rclcpp/src/Final.cpp:[m[K In constructor â€˜[01m[KFinal::Final()[m[Kâ€™:
[01m[K/home/ros/ros2proj/ComP_demo/ComP_demo_ws/src/comp_topic_rclcpp/src/Final.cpp:25:9:[m[K [01;31m[Kerror: [m[Kâ€˜[01m[Klane_result_subscription_[m[Kâ€™ was not declared in this scope
   25 |         [01;31m[Klane_result_subscription_[m[K = this->create_subscription<comp_topic_rclcpp::msg::LaneResult>(
      |         [01;31m[K^~~~~~~~~~~~~~~~~~~~~~~~~[m[K
[01m[K/home/ros/ros2proj/ComP_demo/ComP_demo_ws/src/comp_topic_rclcpp/src/Final.cpp:26:59:[m[K [01;31m[Kerror: [m[Kâ€˜[01m[Klane_result_callback[m[Kâ€™ is not a member of â€˜[01m[KFinal[m[Kâ€™
   26 |             "LaneDetectionResults", 10, std::bind(&Final::[01;31m[Klane_result_callback[m[K, this, std::placeholders::_1));
      |                                                           [01;31m[K^~~~~~~~~~~~~~~~~~~~[m[K
[01m[K/home/ros/ros2proj/ComP_demo/ComP_demo_ws/src/comp_topic_rclcpp/src/Final.cpp:29:9:[m[K [01;31m[Kerror: [m[Kâ€˜[01m[Kyolo_result_subscription_[m[Kâ€™ was not declared in this scope
   29 |         [01;31m[Kyolo_result_subscription_[m[K = this->create_subscription<comp_topic_rclcpp::msg::YoloResult>(
      |         [01;31m[K^~~~~~~~~~~~~~~~~~~~~~~~~[m[K
[01m[K/home/ros/ros2proj/ComP_demo/ComP_demo_ws/src/comp_topic_rclcpp/src/Final.cpp:30:59:[m[K [01;31m[Kerror: [m[Kâ€˜[01m[Kyolo_result_callback[m[Kâ€™ is not a member of â€˜[01m[KFinal[m[Kâ€™
   30 |             "YoloDetectionResults", 10, std::bind(&Final::[01;31m[Kyolo_result_callback[m[K, this, std::placeholders::_1));
      |                                                           [01;31m[K^~~~~~~~~~~~~~~~~~~~[m[K
[01m[K/home/ros/ros2proj/ComP_demo/ComP_demo_ws/src/comp_topic_rclcpp/src/Final.cpp:33:9:[m[K [01;31m[Kerror: [m[Kâ€˜[01m[Ktracker_result_subscription_[m[Kâ€™ was not declared in this scope
   33 |         [01;31m[Ktracker_result_subscription_[m[K = this->create_subscription<comp_topic_rclcpp::msg::TrackerResult>(
      |         [01;31m[K^~~~~~~~~~~~~~~~~~~~~~~~~~~~[m[K
[01m[K/home/ros/ros2proj/ComP_demo/ComP_demo_ws/src/comp_topic_rclcpp/src/Final.cpp:34:53:[m[K [01;31m[Kerror: [m[Kâ€˜[01m[Ktracker_result_callback[m[Kâ€™ is not a member of â€˜[01m[KFinal[m[Kâ€™
   34 |             "TrackerResults", 10, std::bind(&Final::[01;31m[Ktracker_result_callback[m[K, this, std::placeholders::_1));
      |                                                     [01;31m[K^~~~~~~~~~~~~~~~~~~~~~~[m[K
[01m[K/home/ros/ros2proj/ComP_demo/ComP_demo_ws/src/comp_topic_rclcpp/src/Final.cpp:[m[K In member function â€˜[01m[Kvoid Final::log_tra_latency(const string&, const rclcpp::Time&)[m[Kâ€™:
[01m[K/home/ros/ros2proj/ComP_demo/ComP_demo_ws/src/comp_topic_rclcpp/src/Final.cpp:60:14:[m[K [01;35m[Kwarning: [m[Kunused variable â€˜[01m[Klatency_ns[m[Kâ€™ [[01;35m[K]8;;https://gcc.gnu.org/onlinedocs/gcc/Warning-Options.html#index-Wunused-variable-Wunused-variable]8;;[m[K]
   60 |         auto [01;35m[Klatency_ns[m[K = now.nanoseconds() - msg_time.nanoseconds();  // è®¡ç®—å»¶è¿Ÿæ—¶é—´ï¼ˆçº³ç§’ï¼‰
      |              [01;35m[K^~~~~~~~~~[m[K
[01m[K/home/ros/ros2proj/ComP_demo/ComP_demo_ws/src/comp_topic_rclcpp/src/Final.cpp:57:45:[m[K [01;35m[Kwarning: [m[Kunused parameter â€˜[01m[Ktopic_name[m[Kâ€™ [[01;35m[K]8;;https://gcc.gnu.org/onlinedocs/gcc/Warning-Options.html#index-Wunused-parameter-Wunused-parameter]8;;[m[K]
   57 |     void log_tra_latency([01;35m[Kconst std::string &topic_name[m[K, const rclcpp::Time &msg_time)
      |                          [01;35m[K~~~~~~~~~~~~~~~~~~~^~~~~~~~~~[m[K
In file included from [01m[K/opt/ros/humble/include/rclcpp/rclcpp/client.hpp:40[m[K,
                 from [01m[K/opt/ros/humble/include/rclcpp/rclcpp/callback_group.hpp:24[m[K,
                 from [01m[K/opt/ros/humble/include/rclcpp/rclcpp/any_executable.hpp:20[m[K,
                 from [01m[K/opt/ros/humble/include/rclcpp/rclcpp/memory_strategy.hpp:25[m[K,
                 from [01m[K/opt/ros/humble/include/rclcpp/rclcpp/memory_strategies.hpp:18[m[K,
                 from [01m[K/opt/ros/humble/include/rclcpp/rclcpp/executor_options.hpp:20[m[K,
                 from [01m[K/opt/ros/humble/include/rclcpp/rclcpp/executor.hpp:37[m[K,
                 from [01m[K/opt/ros/humble/include/rclcpp/rclcpp/executors/multi_threaded_executor.hpp:25[m[K,
                 from [01m[K/opt/ros/humble/include/rclcpp/rclcpp/executors.hpp:21[m[K,
                 from [01m[K/opt/ros/humble/include/rclcpp/rclcpp/rclcpp.hpp:155[m[K,
                 from [01m[K/home/ros/ros2proj/ComP_demo/ComP_demo_ws/src/comp_topic_rclcpp/src/Final.cpp:1[m[K:
[01m[K/home/ros/ros2proj/ComP_demo/ComP_demo_ws/src/comp_topic_rclcpp/src/Final.cpp:[m[K In function â€˜[01m[Kvoid lane_result_callback(comp_topic_rclcpp::msg::LaneResult_<std::allocator<void> >::SharedPtr)[m[Kâ€™:
[01m[K/home/ros/ros2proj/ComP_demo/ComP_demo_ws/src/comp_topic_rclcpp/src/Final.cpp:84:21:[m[K [01;31m[Kerror: [m[Kinvalid use of â€˜[01m[Kthis[m[Kâ€™ in non-member function
   84 |         RCLCPP_INFO([01;31m[Kthis[m[K->get_logger(), "FinalèŠ‚ç‚¹è®¢é˜…åˆ° Lane çš„è½¦é“çº¿æ£€æµ‹ç»“æžœ");
      |                     [01;31m[K^~~~[m[K
[01m[K/home/ros/ros2proj/ComP_demo/ComP_demo_ws/src/comp_topic_rclcpp/src/Final.cpp:84:21:[m[K [01;31m[Kerror: [m[Kinvalid use of â€˜[01m[Kthis[m[Kâ€™ in non-member function
[01m[K/home/ros/ros2proj/ComP_demo/ComP_demo_ws/src/comp_topic_rclcpp/src/Final.cpp:84:9:[m[K [01;31m[Kerror: [m[Ktemplate argument 1 is invalid
   84 |         [01;31m[KRCLCPP_INFO[m[K(this->get_logger(), "FinalèŠ‚ç‚¹è®¢é˜…åˆ° Lane çš„è½¦é“çº¿æ£€æµ‹ç»“æžœ");
      |         [01;31m[K^~~~~~~~~~~[m[K
[01m[K/home/ros/ros2proj/ComP_demo/ComP_demo_ws/src/comp_topic_rclcpp/src/Final.cpp:84:9:[m[K [01;31m[Kerror: [m[Ktemplate argument 1 is invalid
   84 |         [01;31m[KRCLCPP_INFO[m[K(this->get_logger(), "FinalèŠ‚ç‚¹è®¢é˜…åˆ° Lane çš„è½¦é“çº¿æ£€æµ‹ç»“æžœ");
      |         [01;31m[K^~~~~~~~~~~[m[K
[01m[K/home/ros/ros2proj/ComP_demo/ComP_demo_ws/src/comp_topic_rclcpp/src/Final.cpp:84:9:[m[K [01;31m[Kerror: [m[Ktemplate argument 1 is invalid
   84 |         [01;31m[KRCLCPP_INFO[m[K(this->get_logger(), "FinalèŠ‚ç‚¹è®¢é˜…åˆ° Lane çš„è½¦é“çº¿æ£€æµ‹ç»“æžœ");
      |         [01;31m[K^~~~~~~~~~~[m[K
In file included from [01m[K/opt/ros/humble/include/rclcpp/rclcpp/logging.hpp:24[m[K,
                 from [01m[K/opt/ros/humble/include/rclcpp/rclcpp/client.hpp:40[m[K,
                 from [01m[K/opt/ros/humble/include/rclcpp/rclcpp/callback_group.hpp:24[m[K,
                 from [01m[K/opt/ros/humble/include/rclcpp/rclcpp/any_executable.hpp:20[m[K,
                 from [01m[K/opt/ros/humble/include/rclcpp/rclcpp/memory_strategy.hpp:25[m[K,
                 from [01m[K/opt/ros/humble/include/rclcpp/rclcpp/memory_strategies.hpp:18[m[K,
                 from [01m[K/opt/ros/humble/include/rclcpp/rclcpp/executor_options.hpp:20[m[K,
                 from [01m[K/opt/ros/humble/include/rclcpp/rclcpp/executor.hpp:37[m[K,
                 from [01m[K/opt/ros/humble/include/rclcpp/rclcpp/executors/multi_threaded_executor.hpp:25[m[K,
                 from [01m[K/opt/ros/humble/include/rclcpp/rclcpp/executors.hpp:21[m[K,
                 from [01m[K/opt/ros/humble/include/rclcpp/rclcpp/rclcpp.hpp:155[m[K,
                 from [01m[K/home/ros/ros2proj/ComP_demo/ComP_demo_ws/src/comp_topic_rclcpp/src/Final.cpp:1[m[K:
[01m[K/home/ros/ros2proj/ComP_demo/ComP_demo_ws/src/comp_topic_rclcpp/src/Final.cpp:84:21:[m[K [01;31m[Kerror: [m[Kinvalid use of â€˜[01m[Kthis[m[Kâ€™ in non-member function
   84 |         RCLCPP_INFO([01;31m[Kthis[m[K->get_logger(), "FinalèŠ‚ç‚¹è®¢é˜…åˆ° Lane çš„è½¦é“çº¿æ£€æµ‹ç»“æžœ");
      |                     [01;31m[K^~~~[m[K
[01m[K/home/ros/ros2proj/ComP_demo/ComP_demo_ws/src/comp_topic_rclcpp/src/Final.cpp:84:21:[m[K [01;31m[Kerror: [m[Kinvalid use of â€˜[01m[Kthis[m[Kâ€™ in non-member function
   84 |         RCLCPP_INFO([01;31m[Kthis[m[K->get_logger(), "FinalèŠ‚ç‚¹è®¢é˜…åˆ° Lane çš„è½¦é“çº¿æ£€æµ‹ç»“æžœ");
      |                     [01;31m[K^~~~[m[K
[01m[K/home/ros/ros2proj/ComP_demo/ComP_demo_ws/src/comp_topic_rclcpp/src/Final.cpp:87:9:[m[K [01;31m[Kerror: [m[Kâ€˜[01m[Klog_tra_latency[m[Kâ€™ was not declared in this scope
   87 |         [01;31m[Klog_tra_latency[m[K("LaneDetectionResults", msg->header.stamp);
      |         [01;31m[K^~~~~~~~~~~~~~~[m[K
In file included from [01m[K/opt/ros/humble/include/rclcpp/rclcpp/client.hpp:40[m[K,
                 from [01m[K/opt/ros/humble/include/rclcpp/rclcpp/callback_group.hpp:24[m[K,
                 from [01m[K/opt/ros/humble/include/rclcpp/rclcpp/any_executable.hpp:20[m[K,
                 from [01m[K/opt/ros/humble/include/rclcpp/rclcpp/memory_strategy.hpp:25[m[K,
                 from [01m[K/opt/ros/humble/include/rclcpp/rclcpp/memory_strategies.hpp:18[m[K,
                 from [01m[K/opt/ros/humble/include/rclcpp/rclcpp/executor_options.hpp:20[m[K,
                 from [01m[K/opt/ros/humble/include/rclcpp/rclcpp/executor.hpp:37[m[K,
                 from [01m[K/opt/ros/humble/include/rclcpp/rclcpp/executors/multi_threaded_executor.hpp:25[m[K,
                 from [01m[K/opt/ros/humble/include/rclcpp/rclcpp/executors.hpp:21[m[K,
                 from [01m[K/opt/ros/humble/include/rclcpp/rclcpp/rclcpp.hpp:155[m[K,
                 from [01m[K/home/ros/ros2proj/ComP_demo/ComP_demo_ws/src/comp_topic_rclcpp/src/Final.cpp:1[m[K:
[01m[K/home/ros/ros2proj/ComP_demo/ComP_demo_ws/src/comp_topic_rclcpp/src/Final.cpp:90:21:[m[K [01;31m[Kerror: [m[Kinvalid use of â€˜[01m[Kthis[m[Kâ€™ in non-member function
   90 |         RCLCPP_INFO([01;31m[Kthis[m[K->get_logger(), "Left1: (%d, %d), Right1: (%d, %d)",
      |                     [01;31m[K^~~~[m[K
[01m[K/home/ros/ros2proj/ComP_demo/ComP_demo_ws/src/comp_topic_rclcpp/src/Final.cpp:90:21:[m[K [01;31m[Kerror: [m[Kinvalid use of â€˜[01m[Kthis[m[Kâ€™ in non-member function
[01m[K/home/ros/ros2proj/ComP_demo/ComP_demo_ws/src/comp_topic_rclcpp/src/Final.cpp:90:9:[m[K [01;31m[Kerror: [m[Ktemplate argument 1 is invalid
   90 |         [01;31m[KRCLCPP_INFO[m[K(this->get_logger(), "Left1: (%d, %d), Right1: (%d, %d)",
      |         [01;31m[K^~~~~~~~~~~[m[K
[01m[K/home/ros/ros2proj/ComP_demo/ComP_demo_ws/src/comp_topic_rclcpp/src/Final.cpp:90:9:[m[K [01;31m[Kerror: [m[Ktemplate argument 1 is invalid
   90 |         [01;31m[KRCLCPP_INFO[m[K(this->get_logger(), "Left1: (%d, %d), Right1: (%d, %d)",
      |         [01;31m[K^~~~~~~~~~~[m[K
[01m[K/home/ros/ros2proj/ComP_demo/ComP_demo_ws/src/comp_topic_rclcpp/src/Final.cpp:90:9:[m[K [01;31m[Kerror: [m[Ktemplate argument 1 is invalid
   90 |         [01;31m[KRCLCPP_INFO[m[K(this->get_logger(), "Left1: (%d, %d), Right1: (%d, %d)",
      |         [01;31m[K^~~~~~~~~~~[m[K
In file included from [01m[K/opt/ros/humble/include/rclcpp/rclcpp/logging.hpp:24[m[K,
                 from [01m[K/opt/ros/humble/include/rclcpp/rclcpp/client.hpp:40[m[K,
                 from [01m[K/opt/ros/humble/include/rclcpp/rclcpp/callback_group.hpp:24[m[K,
                 from [01m[K/opt/ros/humble/include/rclcpp/rclcpp/any_executable.hpp:20[m[K,
                 from [01m[K/opt/ros/humble/include/rclcpp/rclcpp/memory_strategy.hpp:25[m[K,
                 from [01m[K/opt/ros/humble/include/rclcpp/rclcpp/memory_strategies.hpp:18[m[K,
                 from [01m[K/opt/ros/humble/include/rclcpp/rclcpp/executor_options.hpp:20[m[K,
                 from [01m[K/opt/ros/humble/include/rclcpp/rclcpp/executor.hpp:37[m[K,
                 from [01m[K/opt/ros/humble/include/rclcpp/rclcpp/executors/multi_threaded_executor.hpp:25[m[K,
                 from [01m[K/opt/ros/humble/include/rclcpp/rclcpp/executors.hpp:21[m[K,
                 from [01m[K/opt/ros/humble/include/rclcpp/rclcpp/rclcpp.hpp:155[m[K,
                 from [01m[K/home/ros/ros2proj/ComP_demo/ComP_demo_ws/src/comp_topic_rclcpp/src/Final.cpp:1[m[K:
[01m[K/home/ros/ros2proj/ComP_demo/ComP_demo_ws/src/comp_topic_rclcpp/src/Final.cpp:90:21:[m[K [01;31m[Kerror: [m[Kinvalid use of â€˜[01m[Kthis[m[Kâ€™ in non-member function
   90 |         RCLCPP_INFO([01;31m[Kthis[m[K->get_logger(), "Left1: (%d, %d), Right1: (%d, %d)",
      |                     [01;31m[K^~~~[m[K
[01m[K/home/ros/ros2proj/ComP_demo/ComP_demo_ws/src/comp_topic_rclcpp/src/Final.cpp:90:21:[m[K [01;31m[Kerror: [m[Kinvalid use of â€˜[01m[Kthis[m[Kâ€™ in non-member function
   90 |         RCLCPP_INFO([01;31m[Kthis[m[K->get_logger(), "Left1: (%d, %d), Right1: (%d, %d)",
      |                     [01;31m[K^~~~[m[K
In file included from [01m[K/opt/ros/humble/include/rclcpp/rclcpp/client.hpp:40[m[K,
                 from [01m[K/opt/ros/humble/include/rclcpp/rclcpp/callback_group.hpp:24[m[K,
                 from [01m[K/opt/ros/humble/include/rclcpp/rclcpp/any_executable.hpp:20[m[K,
                 from [01m[K/opt/ros/humble/include/rclcpp/rclcpp/memory_strategy.hpp:25[m[K,
                 from [01m[K/opt/ros/humble/include/rclcpp/rclcpp/memory_strategies.hpp:18[m[K,
                 from [01m[K/opt/ros/humble/include/rclcpp/rclcpp/executor_options.hpp:20[m[K,
                 from [01m[K/opt/ros/humble/include/rclcpp/rclcpp/executor.hpp:37[m[K,
                 from [01m[K/opt/ros/humble/include/rclcpp/rclcpp/executors/multi_threaded_executor.hpp:25[m[K,
                 from [01m[K/opt/ros/humble/include/rclcpp/rclcpp/executors.hpp:21[m[K,
                 from [01m[K/opt/ros/humble/include/rclcpp/rclcpp/rclcpp.hpp:155[m[K,
                 from [01m[K/home/ros/ros2proj/ComP_demo/ComP_demo_ws/src/comp_topic_rclcpp/src/Final.cpp:1[m[K:
[01m[K/home/ros/ros2proj/ComP_demo/ComP_demo_ws/src/comp_topic_rclcpp/src/Final.cpp:92:21:[m[K [01;31m[Kerror: [m[Kinvalid use of â€˜[01m[Kthis[m[Kâ€™ in non-member function
   92 |         RCLCPP_INFO([01;31m[Kthis[m[K->get_logger(), "Left2: (%d, %d), Right2: (%d, %d)",
      |                     [01;31m[K^~~~[m[K
[01m[K/home/ros/ros2proj/ComP_demo/ComP_demo_ws/src/comp_topic_rclcpp/src/Final.cpp:92:21:[m[K [01;31m[Kerror: [m[Kinvalid use of â€˜[01m[Kthis[m[Kâ€™ in non-member function
[01m[K/home/ros/ros2proj/ComP_demo/ComP_demo_ws/src/comp_topic_rclcpp/src/Final.cpp:92:9:[m[K [01;31m[Kerror: [m[Ktemplate argument 1 is invalid
   92 |         [01;31m[KRCLCPP_INFO[m[K(this->get_logger(), "Left2: (%d, %d), Right2: (%d, %d)",
      |         [01;31m[K^~~~~~~~~~~[m[K
[01m[K/home/ros/ros2proj/ComP_demo/ComP_demo_ws/src/comp_topic_rclcpp/src/Final.cpp:92:9:[m[K [01;31m[Kerror: [m[Ktemplate argument 1 is invalid
   92 |         [01;31m[KRCLCPP_INFO[m[K(this->get_logger(), "Left2: (%d, %d), Right2: (%d, %d)",
      |         [01;31m[K^~~~~~~~~~~[m[K
[01m[K/home/ros/ros2proj/ComP_demo/ComP_demo_ws/src/comp_topic_rclcpp/src/Final.cpp:92:9:[m[K [01;31m[Kerror: [m[Ktemplate argument 1 is invalid
   92 |         [01;31m[KRCLCPP_INFO[m[K(this->get_logger(), "Left2: (%d, %d), Right2: (%d, %d)",
      |         [01;31m[K^~~~~~~~~~~[m[K
In file included from [01m[K/opt/ros/humble/include/rclcpp/rclcpp/logging.hpp:24[m[K,
                 from [01m[K/opt/ros/humble/include/rclcpp/rclcpp/client.hpp:40[m[K,
                 from [01m[K/opt/ros/humble/include/rclcpp/rclcpp/callback_group.hpp:24[m[K,
                 from [01m[K/opt/ros/humble/include/rclcpp/rclcpp/any_executable.hpp:20[m[K,
                 from [01m[K/opt/ros/humble/include/rclcpp/rclcpp/memory_strategy.hpp:25[m[K,
                 from [01m[K/opt/ros/humble/include/rclcpp/rclcpp/memory_strategies.hpp:18[m[K,
                 from [01m[K/opt/ros/humble/include/rclcpp/rclcpp/executor_options.hpp:20[m[K,
                 from [01m[K/opt/ros/humble/include/rclcpp/rclcpp/executor.hpp:37[m[K,
                 from [01m[K/opt/ros/humble/include/rclcpp/rclcpp/executors/multi_threaded_executor.hpp:25[m[K,
                 from [01m[K/opt/ros/humble/include/rclcpp/rclcpp/executors.hpp:21[m[K,
                 from [01m[K/opt/ros/humble/include/rclcpp/rclcpp/rclcpp.hpp:155[m[K,
                 from [01m[K/home/ros/ros2proj/ComP_demo/ComP_demo_ws/src/comp_topic_rclcpp/src/Final.cpp:1[m[K:
[01m[K/home/ros/ros2proj/ComP_demo/ComP_demo_ws/src/comp_topic_rclcpp/src/Final.cpp:92:21:[m[K [01;31m[Kerror: [m[Kinvalid use of â€˜[01m[Kthis[m[Kâ€™ in non-member function
   92 |         RCLCPP_INFO([01;31m[Kthis[m[K->get_logger(), "Left2: (%d, %d), Right2: (%d, %d)",
      |                     [01;31m[K^~~~[m[K
[01m[K/home/ros/ros2proj/ComP_demo/ComP_demo_ws/src/comp_topic_rclcpp/src/Final.cpp:92:21:[m[K [01;31m[Kerror: [m[Kinvalid use of â€˜[01m[Kthis[m[Kâ€™ in non-member function
   92 |         RCLCPP_INFO([01;31m[Kthis[m[K->get_logger(), "Left2: (%d, %d), Right2: (%d, %d)",
      |                     [01;31m[K^~~~[m[K
In file included from [01m[K/opt/ros/humble/include/rclcpp/rclcpp/client.hpp:40[m[K,
                 from [01m[K/opt/ros/humble/include/rclcpp/rclcpp/callback_group.hpp:24[m[K,
                 from [01m[K/opt/ros/humble/include/rclcpp/rclcpp/any_executable.hpp:20[m[K,
                 from [01m[K/opt/ros/humble/include/rclcpp/rclcpp/memory_strategy.hpp:25[m[K,
                 from [01m[K/opt/ros/humble/include/rclcpp/rclcpp/memory_strategies.hpp:18[m[K,
                 from [01m[K/opt/ros/humble/include/rclcpp/rclcpp/executor_options.hpp:20[m[K,
                 from [01m[K/opt/ros/humble/include/rclcpp/rclcpp/executor.hpp:37[m[K,
                 from [01m[K/opt/ros/humble/include/rclcpp/rclcpp/executors/multi_threaded_executor.hpp:25[m[K,
                 from [01m[K/opt/ros/humble/include/rclcpp/rclcpp/executors.hpp:21[m[K,
                 from [01m[K/opt/ros/humble/include/rclcpp/rclcpp/rclcpp.hpp:155[m[K,
                 from [01m[K/home/ros/ros2proj/ComP_demo/ComP_demo_ws/src/comp_topic_rclcpp/src/Final.cpp:1[m[K:
[01m[K/home/ros/ros2proj/ComP_demo/ComP_demo_ws/src/comp_topic_rclcpp/src/Final.cpp:[m[K In function â€˜[01m[Kvoid yolo_result_callback(comp_topic_rclcpp::msg::YoloResult_<std::allocator<void> >::SharedPtr)[m[Kâ€™:
[01m[K/home/ros/ros2proj/ComP_demo/ComP_demo_ws/src/comp_topic_rclcpp/src/Final.cpp:99:21:[m[K [01;31m[Kerror: [m[Kinvalid use of â€˜[01m[Kthis[m[Kâ€™ in non-member function
   99 |         RCLCPP_INFO([01;31m[Kthis[m[K->get_logger(), "FinalèŠ‚ç‚¹è®¢é˜…åˆ° Yolo çš„æ£€æµ‹ç»“æžœ");
      |                     [01;31m[K^~~~[m[K
[01m[K/home/ros/ros2proj/ComP_demo/ComP_demo_ws/src/comp_topic_rclcpp/src/Final.cpp:99:21:[m[K [01;31m[Kerror: [m[Kinvalid use of â€˜[01m[Kthis[m[Kâ€™ in non-member function
[01m[K/home/ros/ros2proj/ComP_demo/ComP_demo_ws/src/comp_topic_rclcpp/src/Final.cpp:99:9:[m[K [01;31m[Kerror: [m[Ktemplate argument 1 is invalid
   99 |         [01;31m[KRCLCPP_INFO[m[K(this->get_logger(), "FinalèŠ‚ç‚¹è®¢é˜…åˆ° Yolo çš„æ£€æµ‹ç»“æžœ");
      |         [01;31m[K^~~~~~~~~~~[m[K
[01m[K/home/ros/ros2proj/ComP_demo/ComP_demo_ws/src/comp_topic_rclcpp/src/Final.cpp:99:9:[m[K [01;31m[Kerror: [m[Ktemplate argument 1 is invalid
   99 |         [01;31m[KRCLCPP_INFO[m[K(this->get_logger(), "FinalèŠ‚ç‚¹è®¢é˜…åˆ° Yolo çš„æ£€æµ‹ç»“æžœ");
      |         [01;31m[K^~~~~~~~~~~[m[K
[01m[K/home/ros/ros2proj/ComP_demo/ComP_demo_ws/src/comp_topic_rclcpp/src/Final.cpp:99:9:[m[K [01;31m[Kerror: [m[Ktemplate argument 1 is invalid
   99 |         [01;31m[KRCLCPP_INFO[m[K(this->get_logger(), "FinalèŠ‚ç‚¹è®¢é˜…åˆ° Yolo çš„æ£€æµ‹ç»“æžœ");
      |         [01;31m[K^~~~~~~~~~~[m[K
In file included from [01m[K/opt/ros/humble/include/rclcpp/rclcpp/logging.hpp:24[m[K,
                 from [01m[K/opt/ros/humble/include/rclcpp/rclcpp/client.hpp:40[m[K,
                 from [01m[K/opt/ros/humble/include/rclcpp/rclcpp/callback_group.hpp:24[m[K,
                 from [01m[K/opt/ros/humble/include/rclcpp/rclcpp/any_executable.hpp:20[m[K,
                 from [01m[K/opt/ros/humble/include/rclcpp/rclcpp/memory_strategy.hpp:25[m[K,
                 from [01m[K/opt/ros/humble/include/rclcpp/rclcpp/memory_strategies.hpp:18[m[K,
                 from [01m[K/opt/ros/humble/include/rclcpp/rclcpp/executor_options.hpp:20[m[K,
                 from [01m[K/opt/ros/humble/include/rclcpp/rclcpp/executor.hpp:37[m[K,
                 from [01m[K/opt/ros/humble/include/rclcpp/rclcpp/executors/multi_threaded_executor.hpp:25[m[K,
                 from [01m[K/opt/ros/humble/include/rclcpp/rclcpp/executors.hpp:21[m[K,
                 from [01m[K/opt/ros/humble/include/rclcpp/rclcpp/rclcpp.hpp:155[m[K,
                 from [01m[K/home/ros/ros2proj/ComP_demo/ComP_demo_ws/src/comp_topic_rclcpp/src/Final.cpp:1[m[K:
[01m[K/home/ros/ros2proj/ComP_demo/ComP_demo_ws/src/comp_topic_rclcpp/src/Final.cpp:99:21:[m[K [01;31m[Kerror: [m[Kinvalid use of â€˜[01m[Kthis[m[Kâ€™ in non-member function
   99 |         RCLCPP_INFO([01;31m[Kthis[m[K->get_logger(), "FinalèŠ‚ç‚¹è®¢é˜…åˆ° Yolo çš„æ£€æµ‹ç»“æžœ");
      |                     [01;31m[K^~~~[m[K
[01m[K/home/ros/ros2proj/ComP_demo/ComP_demo_ws/src/comp_topic_rclcpp/src/Final.cpp:99:21:[m[K [01;31m[Kerror: [m[Kinvalid use of â€˜[01m[Kthis[m[Kâ€™ in non-member function
   99 |         RCLCPP_INFO([01;31m[Kthis[m[K->get_logger(), "FinalèŠ‚ç‚¹è®¢é˜…åˆ° Yolo çš„æ£€æµ‹ç»“æžœ");
      |                     [01;31m[K^~~~[m[K
[01m[K/home/ros/ros2proj/ComP_demo/ComP_demo_ws/src/comp_topic_rclcpp/src/Final.cpp:102:9:[m[K [01;31m[Kerror: [m[Kâ€˜[01m[Klog_tra_latency[m[Kâ€™ was not declared in this scope
  102 |         [01;31m[Klog_tra_latency[m[K("YoloDetectionResults", msg->header.stamp);
      |         [01;31m[K^~~~~~~~~~~~~~~[m[K
In file included from [01m[K/opt/ros/humble/include/rclcpp/rclcpp/client.hpp:40[m[K,
                 from [01m[K/opt/ros/humble/include/rclcpp/rclcpp/callback_group.hpp:24[m[K,
                 from [01m[K/opt/ros/humble/include/rclcpp/rclcpp/any_executable.hpp:20[m[K,
                 from [01m[K/opt/ros/humble/include/rclcpp/rclcpp/memory_strategy.hpp:25[m[K,
                 from [01m[K/opt/ros/humble/include/rclcpp/rclcpp/memory_strategies.hpp:18[m[K,
                 from [01m[K/opt/ros/humble/include/rclcpp/rclcpp/executor_options.hpp:20[m[K,
                 from [01m[K/opt/ros/humble/include/rclcpp/rclcpp/executor.hpp:37[m[K,
                 from [01m[K/opt/ros/humble/include/rclcpp/rclcpp/executors/multi_threaded_executor.hpp:25[m[K,
                 from [01m[K/opt/ros/humble/include/rclcpp/rclcpp/executors.hpp:21[m[K,
                 from [01m[K/opt/ros/humble/include/rclcpp/rclcpp/rclcpp.hpp:155[m[K,
                 from [01m[K/home/ros/ros2proj/ComP_demo/ComP_demo_ws/src/comp_topic_rclcpp/src/Final.cpp:1[m[K:
[01m[K/home/ros/ros2proj/ComP_demo/ComP_demo_ws/src/comp_topic_rclcpp/src/Final.cpp:106:25:[m[K [01;31m[Kerror: [m[Kinvalid use of â€˜[01m[Kthis[m[Kâ€™ in non-member function
  106 |             RCLCPP_INFO([01;31m[Kthis[m[K->get_logger(), "Yoloæ£€æµ‹åˆ°çš„è¾¹ç•Œæ¡†: x = %.2f, y = %.2f, width = %.2f, height = %.2f",
      |                         [01;31m[K^~~~[m[K
[01m[K/home/ros/ros2proj/ComP_demo/ComP_demo_ws/src/comp_topic_rclcpp/src/Final.cpp:106:25:[m[K [01;31m[Kerror: [m[Kinvalid use of â€˜[01m[Kthis[m[Kâ€™ in non-member function
[01m[K/home/ros/ros2proj/ComP_demo/ComP_demo_ws/src/comp_topic_rclcpp/src/Final.cpp:106:13:[m[K [01;31m[Kerror: [m[Ktemplate argument 1 is invalid
  106 |             [01;31m[KRCLCPP_INFO[m[K(this->get_logger(), "Yoloæ£€æµ‹åˆ°çš„è¾¹ç•Œæ¡†: x = %.2f, y = %.2f, width = %.2f, height = %.2f",
      |             [01;31m[K^~~~~~~~~~~[m[K
[01m[K/home/ros/ros2proj/ComP_demo/ComP_demo_ws/src/comp_topic_rclcpp/src/Final.cpp:106:13:[m[K [01;31m[Kerror: [m[Ktemplate argument 1 is invalid
  106 |             [01;31m[KRCLCPP_INFO[m[K(this->get_logger(), "Yoloæ£€æµ‹åˆ°çš„è¾¹ç•Œæ¡†: x = %.2f, y = %.2f, width = %.2f, height = %.2f",
      |             [01;31m[K^~~~~~~~~~~[m[K
[01m[K/home/ros/ros2proj/ComP_demo/ComP_demo_ws/src/comp_topic_rclcpp/src/Final.cpp:106:13:[m[K [01;31m[Kerror: [m[Ktemplate argument 1 is invalid
  106 |             [01;31m[KRCLCPP_INFO[m[K(this->get_logger(), "Yoloæ£€æµ‹åˆ°çš„è¾¹ç•Œæ¡†: x = %.2f, y = %.2f, width = %.2f, height = %.2f",
      |             [01;31m[K^~~~~~~~~~~[m[K
In file included from [01m[K/opt/ros/humble/include/rclcpp/rclcpp/logging.hpp:24[m[K,
                 from [01m[K/opt/ros/humble/include/rclcpp/rclcpp/client.hpp:40[m[K,
                 from [01m[K/opt/ros/humble/include/rclcpp/rclcpp/callback_group.hpp:24[m[K,
                 from [01m[K/opt/ros/humble/include/rclcpp/rclcpp/any_executable.hpp:20[m[K,
                 from [01m[K/opt/ros/humble/include/rclcpp/rclcpp/memory_strategy.hpp:25[m[K,
                 from [01m[K/opt/ros/humble/include/rclcpp/rclcpp/memory_strategies.hpp:18[m[K,
                 from [01m[K/opt/ros/humble/include/rclcpp/rclcpp/executor_options.hpp:20[m[K,
                 from [01m[K/opt/ros/humble/include/rclcpp/rclcpp/executor.hpp:37[m[K,
                 from [01m[K/opt/ros/humble/include/rclcpp/rclcpp/executors/multi_threaded_executor.hpp:25[m[K,
                 from [01m[K/opt/ros/humble/include/rclcpp/rclcpp/executors.hpp:21[m[K,
                 from [01m[K/opt/ros/humble/include/rclcpp/rclcpp/rclcpp.hpp:155[m[K,
                 from [01m[K/home/ros/ros2proj/ComP_demo/ComP_demo_ws/src/comp_topic_rclcpp/src/Final.cpp:1[m[K:
[01m[K/home/ros/ros2proj/ComP_demo/ComP_demo_ws/src/comp_topic_rclcpp/src/Final.cpp:106:25:[m[K [01;31m[Kerror: [m[Kinvalid use of â€˜[01m[Kthis[m[Kâ€™ in non-member function
  106 |             RCLCPP_INFO([01;31m[Kthis[m[K->get_logger(), "Yoloæ£€æµ‹åˆ°çš„è¾¹ç•Œæ¡†: x = %.2f, y = %.2f, width = %.2f, height = %.2f",
      |                         [01;31m[K^~~~[m[K
[01m[K/home/ros/ros2proj/ComP_demo/ComP_demo_ws/src/comp_topic_rclcpp/src/Final.cpp:106:25:[m[K [01;31m[Kerror: [m[Kinvalid use of â€˜[01m[Kthis[m[Kâ€™ in non-member function
  106 |             RCLCPP_INFO([01;31m[Kthis[m[K->get_logger(), "Yoloæ£€æµ‹åˆ°çš„è¾¹ç•Œæ¡†: x = %.2f, y = %.2f, width = %.2f, height = %.2f",
      |                         [01;31m[K^~~~[m[K
In file included from [01m[K/opt/ros/humble/include/rclcpp/rclcpp/client.hpp:40[m[K,
                 from [01m[K/opt/ros/humble/include/rclcpp/rclcpp/callback_group.hpp:24[m[K,
                 from [01m[K/opt/ros/humble/include/rclcpp/rclcpp/any_executable.hpp:20[m[K,
                 from [01m[K/opt/ros/humble/include/rclcpp/rclcpp/memory_strategy.hpp:25[m[K,
                 from [01m[K/opt/ros/humble/include/rclcpp/rclcpp/memory_strategies.hpp:18[m[K,
                 from [01m[K/opt/ros/humble/include/rclcpp/rclcpp/executor_options.hpp:20[m[K,
                 from [01m[K/opt/ros/humble/include/rclcpp/rclcpp/executor.hpp:37[m[K,
                 from [01m[K/opt/ros/humble/include/rclcpp/rclcpp/executors/multi_threaded_executor.hpp:25[m[K,
                 from [01m[K/opt/ros/humble/include/rclcpp/rclcpp/executors.hpp:21[m[K,
                 from [01m[K/opt/ros/humble/include/rclcpp/rclcpp/rclcpp.hpp:155[m[K,
                 from [01m[K/home/ros/ros2proj/ComP_demo/ComP_demo_ws/src/comp_topic_rclcpp/src/Final.cpp:1[m[K:
[01m[K/home/ros/ros2proj/ComP_demo/ComP_demo_ws/src/comp_topic_rclcpp/src/Final.cpp:[m[K In function â€˜[01m[Kvoid tracker_result_callback(comp_topic_rclcpp::msg::TrackerResult_<std::allocator<void> >::SharedPtr)[m[Kâ€™:
[01m[K/home/ros/ros2proj/ComP_demo/ComP_demo_ws/src/comp_topic_rclcpp/src/Final.cpp:114:21:[m[K [01;31m[Kerror: [m[Kinvalid use of â€˜[01m[Kthis[m[Kâ€™ in non-member function
  114 |         RCLCPP_INFO([01;31m[Kthis[m[K->get_logger(), "FinalèŠ‚ç‚¹è®¢é˜…åˆ° Tracker çš„è¿½è¸ªç»“æžœ: x = %.2f, y = %.2f, width = %.2f, height = %.2f",
      |                     [01;31m[K^~~~[m[K
[01m[K/home/ros/ros2proj/ComP_demo/ComP_demo_ws/src/comp_topic_rclcpp/src/Final.cpp:114:21:[m[K [01;31m[Kerror: [m[Kinvalid use of â€˜[01m[Kthis[m[Kâ€™ in non-member function
[01m[K/home/ros/ros2proj/ComP_demo/ComP_demo_ws/src/comp_topic_rclcpp/src/Final.cpp:114:9:[m[K [01;31m[Kerror: [m[Ktemplate argument 1 is invalid
  114 |         [01;31m[KRCLCPP_INFO[m[K(this->get_logger(), "FinalèŠ‚ç‚¹è®¢é˜…åˆ° Tracker çš„è¿½è¸ªç»“æžœ: x = %.2f, y = %.2f, width = %.2f, height = %.2f",
      |         [01;31m[K^~~~~~~~~~~[m[K
[01m[K/home/ros/ros2proj/ComP_demo/ComP_demo_ws/src/comp_topic_rclcpp/src/Final.cpp:114:9:[m[K [01;31m[Kerror: [m[Ktemplate argument 1 is invalid
  114 |         [01;31m[KRCLCPP_INFO[m[K(this->get_logger(), "FinalèŠ‚ç‚¹è®¢é˜…åˆ° Tracker çš„è¿½è¸ªç»“æžœ: x = %.2f, y = %.2f, width = %.2f, height = %.2f",
      |         [01;31m[K^~~~~~~~~~~[m[K
[01m[K/home/ros/ros2proj/ComP_demo/ComP_demo_ws/src/comp_topic_rclcpp/src/Final.cpp:114:9:[m[K [01;31m[Kerror: [m[Ktemplate argument 1 is invalid
  114 |         [01;31m[KRCLCPP_INFO[m[K(this->get_logger(), "FinalèŠ‚ç‚¹è®¢é˜…åˆ° Tracker çš„è¿½è¸ªç»“æžœ: x = %.2f, y = %.2f, width = %.2f, height = %.2f",
      |         [01;31m[K^~~~~~~~~~~[m[K
In file included from [01m[K/opt/ros/humble/include/rclcpp/rclcpp/logging.hpp:24[m[K,
                 from [01m[K/opt/ros/humble/include/rclcpp/rclcpp/client.hpp:40[m[K,
                 from [01m[K/opt/ros/humble/include/rclcpp/rclcpp/callback_group.hpp:24[m[K,
                 from [01m[K/opt/ros/humble/include/rclcpp/rclcpp/any_executable.hpp:20[m[K,
                 from [01m[K/opt/ros/humble/include/rclcpp/rclcpp/memory_strategy.hpp:25[m[K,
                 from [01m[K/opt/ros/humble/include/rclcpp/rclcpp/memory_strategies.hpp:18[m[K,
                 from [01m[K/opt/ros/humble/include/rclcpp/rclcpp/executor_options.hpp:20[m[K,
                 from [01m[K/opt/ros/humble/include/rclcpp/rclcpp/executor.hpp:37[m[K,
                 from [01m[K/opt/ros/humble/include/rclcpp/rclcpp/executors/multi_threaded_executor.hpp:25[m[K,
                 from [01m[K/opt/ros/humble/include/rclcpp/rclcpp/executors.hpp:21[m[K,
                 from [01m[K/opt/ros/humble/include/rclcpp/rclcpp/rclcpp.hpp:155[m[K,
                 from [01m[K/home/ros/ros2proj/ComP_demo/ComP_demo_ws/src/comp_topic_rclcpp/src/Final.cpp:1[m[K:
[01m[K/home/ros/ros2proj/ComP_demo/ComP_demo_ws/src/comp_topic_rclcpp/src/Final.cpp:114:21:[m[K [01;31m[Kerror: [m[Kinvalid use of â€˜[01m[Kthis[m[Kâ€™ in non-member function
  114 |         RCLCPP_INFO([01;31m[Kthis[m[K->get_logger(), "FinalèŠ‚ç‚¹è®¢é˜…åˆ° Tracker çš„è¿½è¸ªç»“æžœ: x = %.2f, y = %.2f, width = %.2f, height = %.2f",
      |                     [01;31m[K^~~~[m[K
[01m[K/home/ros/ros2proj/ComP_demo/ComP_demo_ws/src/comp_topic_rclcpp/src/Final.cpp:114:21:[m[K [01;31m[Kerror: [m[Kinvalid use of â€˜[01m[Kthis[m[Kâ€™ in non-member function
  114 |         RCLCPP_INFO([01;31m[Kthis[m[K->get_logger(), "FinalèŠ‚ç‚¹è®¢é˜…åˆ° Tracker çš„è¿½è¸ªç»“æžœ: x = %.2f, y = %.2f, width = %.2f, height = %.2f",
      |                     [01;31m[K^~~~[m[K
[01m[K/home/ros/ros2proj/ComP_demo/ComP_demo_ws/src/comp_topic_rclcpp/src/Final.cpp:118:9:[m[K [01;31m[Kerror: [m[Kâ€˜[01m[Klog_tra_latency[m[Kâ€™ was not declared in this scope
  118 |         [01;31m[Klog_tra_latency[m[K("TrackerResults", msg->header.stamp);
      |         [01;31m[K^~~~~~~~~~~~~~~[m[K
[01m[K/home/ros/ros2proj/ComP_demo/ComP_demo_ws/src/comp_topic_rclcpp/src/Final.cpp:[m[K At global scope:
[01m[K/home/ros/ros2proj/ComP_demo/ComP_demo_ws/src/comp_topic_rclcpp/src/Final.cpp:125:1:[m[K [01;31m[Kerror: [m[Kexpected declaration before â€˜[01m[K}[m[Kâ€™ token
  125 | [01;31m[K}[m[K;
      | [01;31m[K^[m[K
gmake[2]: *** [CMakeFiles/Final.dir/build.make:76: CMakeFiles/Final.dir/src/Final.cpp.o] Error 1
gmake[1]: *** [CMakeFiles/Makefile2:627: CMakeFiles/Final.dir/all] Error 2
gmake: *** [Makefile:146: all] Error 2
