[0.045s] Invoking command in '/home/ros/ros2proj/ComP_demo/ComP_demo_ws/build/comp_topic_rclcpp': CMAKE_PREFIX_PATH=/opt/ros/humble CONDA_PROMPT_MODIFIER=(ros2) /usr/bin/cmake --build /home/ros/ros2proj/ComP_demo/ComP_demo_ws/build/comp_topic_rclcpp -- -j2 -l2
[0.269s] [  1%] Built target comp_topic_rclcpp__cpp
[0.348s] [ 10%] Built target comp_topic_rclcpp__rosidl_generator_c
[0.494s] [ 10%] Built target ament_cmake_python_copy_comp_topic_rclcpp
[0.571s] [35m[1mConsolidate compiler generated dependencies of target CameraTimer[0m
[0.707s] [ 12%] [32mBuilding CXX object CMakeFiles/CameraTimer.dir/src/CameraTimer.cpp.o[0m
[20.914s] [ 13%] [32m[1mLinking CXX executable CameraTimer[0m
[23.003s] [ 13%] Built target CameraTimer
[23.178s] [ 22%] Built target comp_topic_rclcpp__rosidl_typesupport_cpp
[23.326s] [ 32%] Built target comp_topic_rclcpp__rosidl_typesupport_fastrtps_c
[23.452s] [ 41%] Built target comp_topic_rclcpp__rosidl_typesupport_fastrtps_cpp
[23.609s] [ 51%] Built target comp_topic_rclcpp__rosidl_typesupport_introspection_c
[23.692s] [ 60%] Built target comp_topic_rclcpp__rosidl_typesupport_c
[23.834s] [ 70%] Built target comp_topic_rclcpp__rosidl_typesupport_introspection_cpp
[24.767s] running egg_info
[24.776s] writing comp_topic_rclcpp.egg-info/PKG-INFO
[24.776s] writing dependency_links to comp_topic_rclcpp.egg-info/dependency_links.txt
[24.784s] writing top-level names to comp_topic_rclcpp.egg-info/top_level.txt
[24.798s] reading manifest file 'comp_topic_rclcpp.egg-info/SOURCES.txt'
[24.806s] writing manifest file 'comp_topic_rclcpp.egg-info/SOURCES.txt'
[24.894s] [ 70%] Built target ament_cmake_python_build_comp_topic_rclcpp_egg
[24.964s] [35m[1mConsolidate compiler generated dependencies of target Final[0m
[25.056s] [ 71%] [32mBuilding CXX object CMakeFiles/Final.dir/src/Final.cpp.o[0m
[35.699s] [01m[K/home/ros/ros2proj/ComP_demo/ComP_demo_ws/src/comp_topic_rclcpp/src/Final.cpp:65:30:[m[K [01;31m[Kerror: [m[Kâ€˜[01m[Klog_path_env[m[Kâ€™ has not been declared
[35.700s]    65 |         std::string log_path([01;31m[Klog_path_env[m[K);
[35.700s]       |                              [01;31m[K^~~~~~~~~~~~[m[K
[35.702s] [01m[K/home/ros/ros2proj/ComP_demo/ComP_demo_ws/src/comp_topic_rclcpp/src/Final.cpp:69:27:[m[K [01;31m[Kerror: [m[Kâ€˜[01m[Klog_file[m[Kâ€™ is not a type
[35.702s]    69 |         std::ofstream ofs([01;31m[Klog_file[m[K, std::ios_base::app);
[35.702s]       |                           [01;31m[K^~~~~~~~[m[K
[35.702s] [01m[K/home/ros/ros2proj/ComP_demo/ComP_demo_ws/src/comp_topic_rclcpp/src/Final.cpp:69:37:[m[K [01;31m[Kerror: [m[Kâ€˜[01m[Kstd::ios_base::app[m[Kâ€™ is not a type
[35.702s]    69 |         std::ofstream ofs(log_file, [01;31m[Kstd[m[K::ios_base::app);
[35.702s]       |                                     [01;31m[K^~~[m[K
[35.702s] [01m[K/home/ros/ros2proj/ComP_demo/ComP_demo_ws/src/comp_topic_rclcpp/src/Final.cpp:70:9:[m[K [01;31m[Kerror: [m[Kexpected unqualified-id before â€˜[01m[Kif[m[Kâ€™
[35.702s]    70 |         [01;31m[Kif[m[K (ofs.is_open())
[35.702s]       |         [01;31m[K^~[m[K
[35.703s] [01m[K/home/ros/ros2proj/ComP_demo/ComP_demo_ws/src/comp_topic_rclcpp/src/Final.cpp:75:9:[m[K [01;31m[Kerror: [m[Kexpected unqualified-id before â€˜[01m[Kelse[m[Kâ€™
[35.703s]    75 |         [01;31m[Kelse[m[K
[35.704s]       |         [01;31m[K^~~~[m[K
[35.708s] [01m[K/home/ros/ros2proj/ComP_demo/ComP_demo_ws/src/comp_topic_rclcpp/src/Final.cpp:79:6:[m[K [01;31m[Kerror: [m[Kexpected â€˜[01m[K;[m[Kâ€™ after class definition
[35.708s]    79 |     }
[35.708s]       |      [01;31m[K^[m[K
[35.708s]       |      [32m[K;[m[K
[35.708s] [01m[K/home/ros/ros2proj/ComP_demo/ComP_demo_ws/src/comp_topic_rclcpp/src/Final.cpp:66:32:[m[K [01;31m[Kerror: [m[Kinvalid use of member function â€˜[01m[Kstd::string Final::log_path(int)[m[Kâ€™ (did you forget the â€˜[01m[K()[m[Kâ€™ ?)
[35.708s]    66 |         std::string log_file = [01;31m[Klog_path[m[K + "/tra_Final_" + topic_name + ".log";
[35.708s]       |                                [01;31m[K^~~~~~~~[m[K
[35.736s] [01m[K/home/ros/ros2proj/ComP_demo/ComP_demo_ws/src/comp_topic_rclcpp/src/Final.cpp:66:59:[m[K [01;31m[Kerror: [m[Kâ€˜[01m[Ktopic_name[m[Kâ€™ was not declared in this scope; did you mean â€˜[01m[Ktypename[m[Kâ€™?
[35.736s]    66 |         std::string log_file = log_path + "/tra_Final_" + [01;31m[Ktopic_name[m[K + ".log";
[35.736s]       |                                                           [01;31m[K^~~~~~~~~~[m[K
[35.736s]       |                                                           [32m[Ktypename[m[K
[35.789s] [01m[K/home/ros/ros2proj/ComP_demo/ComP_demo_ws/src/comp_topic_rclcpp/src/Final.cpp:[m[K In constructor â€˜[01m[KFinal::Final()[m[Kâ€™:
[35.790s] [01m[K/home/ros/ros2proj/ComP_demo/ComP_demo_ws/src/comp_topic_rclcpp/src/Final.cpp:25:9:[m[K [01;31m[Kerror: [m[Kâ€˜[01m[Klane_result_subscription_[m[Kâ€™ was not declared in this scope
[35.790s]    25 |         [01;31m[Klane_result_subscription_[m[K = this->create_subscription<comp_topic_rclcpp::msg::LaneResult>(
[35.790s]       |         [01;31m[K^~~~~~~~~~~~~~~~~~~~~~~~~[m[K
[35.790s] [01m[K/home/ros/ros2proj/ComP_demo/ComP_demo_ws/src/comp_topic_rclcpp/src/Final.cpp:26:59:[m[K [01;31m[Kerror: [m[Kâ€˜[01m[Klane_result_callback[m[Kâ€™ is not a member of â€˜[01m[KFinal[m[Kâ€™
[35.790s]    26 |             "LaneDetectionResults", 10, std::bind(&Final::[01;31m[Klane_result_callback[m[K, this, std::placeholders::_1));
[35.791s]       |                                                           [01;31m[K^~~~~~~~~~~~~~~~~~~~[m[K
[35.837s] [01m[K/home/ros/ros2proj/ComP_demo/ComP_demo_ws/src/comp_topic_rclcpp/src/Final.cpp:29:9:[m[K [01;31m[Kerror: [m[Kâ€˜[01m[Kyolo_result_subscription_[m[Kâ€™ was not declared in this scope
[35.837s]    29 |         [01;31m[Kyolo_result_subscription_[m[K = this->create_subscription<comp_topic_rclcpp::msg::YoloResult>(
[35.837s]       |         [01;31m[K^~~~~~~~~~~~~~~~~~~~~~~~~[m[K
[35.838s] [01m[K/home/ros/ros2proj/ComP_demo/ComP_demo_ws/src/comp_topic_rclcpp/src/Final.cpp:30:59:[m[K [01;31m[Kerror: [m[Kâ€˜[01m[Kyolo_result_callback[m[Kâ€™ is not a member of â€˜[01m[KFinal[m[Kâ€™
[35.838s]    30 |             "YoloDetectionResults", 10, std::bind(&Final::[01;31m[Kyolo_result_callback[m[K, this, std::placeholders::_1));
[35.838s]       |                                                           [01;31m[K^~~~~~~~~~~~~~~~~~~~[m[K
[35.872s] [01m[K/home/ros/ros2proj/ComP_demo/ComP_demo_ws/src/comp_topic_rclcpp/src/Final.cpp:33:9:[m[K [01;31m[Kerror: [m[Kâ€˜[01m[Ktracker_result_subscription_[m[Kâ€™ was not declared in this scope
[35.872s]    33 |         [01;31m[Ktracker_result_subscription_[m[K = this->create_subscription<comp_topic_rclcpp::msg::TrackerResult>(
[35.872s]       |         [01;31m[K^~~~~~~~~~~~~~~~~~~~~~~~~~~~[m[K
[35.873s] [01m[K/home/ros/ros2proj/ComP_demo/ComP_demo_ws/src/comp_topic_rclcpp/src/Final.cpp:34:53:[m[K [01;31m[Kerror: [m[Kâ€˜[01m[Ktracker_result_callback[m[Kâ€™ is not a member of â€˜[01m[KFinal[m[Kâ€™
[35.873s]    34 |             "TrackerResults", 10, std::bind(&Final::[01;31m[Ktracker_result_callback[m[K, this, std::placeholders::_1));
[35.873s]       |                                                     [01;31m[K^~~~~~~~~~~~~~~~~~~~~~~[m[K
[35.882s] [01m[K/home/ros/ros2proj/ComP_demo/ComP_demo_ws/src/comp_topic_rclcpp/src/Final.cpp:[m[K In member function â€˜[01m[Kvoid Final::log_tra_latency(const string&, const rclcpp::Time&)[m[Kâ€™:
[35.882s] [01m[K/home/ros/ros2proj/ComP_demo/ComP_demo_ws/src/comp_topic_rclcpp/src/Final.cpp:60:14:[m[K [01;35m[Kwarning: [m[Kunused variable â€˜[01m[Klatency_ns[m[Kâ€™ [[01;35m[K]8;;https://gcc.gnu.org/onlinedocs/gcc/Warning-Options.html#index-Wunused-variable-Wunused-variable]8;;[m[K]
[35.882s]    60 |         auto [01;35m[Klatency_ns[m[K = now.nanoseconds() - msg_time.nanoseconds();  // è®¡ç®—å»¶è¿Ÿæ—¶é—´ï¼ˆçº³ç§’ï¼‰
[35.882s]       |              [01;35m[K^~~~~~~~~~[m[K
[35.882s] [01m[K/home/ros/ros2proj/ComP_demo/ComP_demo_ws/src/comp_topic_rclcpp/src/Final.cpp:57:45:[m[K [01;35m[Kwarning: [m[Kunused parameter â€˜[01m[Ktopic_name[m[Kâ€™ [[01;35m[K]8;;https://gcc.gnu.org/onlinedocs/gcc/Warning-Options.html#index-Wunused-parameter-Wunused-parameter]8;;[m[K]
[35.882s]    57 |     void log_tra_latency([01;35m[Kconst std::string &topic_name[m[K, const rclcpp::Time &msg_time)
[35.882s]       |                          [01;35m[K~~~~~~~~~~~~~~~~~~~^~~~~~~~~~[m[K
[35.888s] In file included from [01m[K/opt/ros/humble/include/rclcpp/rclcpp/client.hpp:40[m[K,
[35.888s]                  from [01m[K/opt/ros/humble/include/rclcpp/rclcpp/callback_group.hpp:24[m[K,
[35.889s]                  from [01m[K/opt/ros/humble/include/rclcpp/rclcpp/any_executable.hpp:20[m[K,
[35.889s]                  from [01m[K/opt/ros/humble/include/rclcpp/rclcpp/memory_strategy.hpp:25[m[K,
[35.889s]                  from [01m[K/opt/ros/humble/include/rclcpp/rclcpp/memory_strategies.hpp:18[m[K,
[35.889s]                  from [01m[K/opt/ros/humble/include/rclcpp/rclcpp/executor_options.hpp:20[m[K,
[35.889s]                  from [01m[K/opt/ros/humble/include/rclcpp/rclcpp/executor.hpp:37[m[K,
[35.890s]                  from [01m[K/opt/ros/humble/include/rclcpp/rclcpp/executors/multi_threaded_executor.hpp:25[m[K,
[35.890s]                  from [01m[K/opt/ros/humble/include/rclcpp/rclcpp/executors.hpp:21[m[K,
[35.890s]                  from [01m[K/opt/ros/humble/include/rclcpp/rclcpp/rclcpp.hpp:155[m[K,
[35.890s]                  from [01m[K/home/ros/ros2proj/ComP_demo/ComP_demo_ws/src/comp_topic_rclcpp/src/Final.cpp:1[m[K:
[35.890s] [01m[K/home/ros/ros2proj/ComP_demo/ComP_demo_ws/src/comp_topic_rclcpp/src/Final.cpp:[m[K In function â€˜[01m[Kvoid lane_result_callback(comp_topic_rclcpp::msg::LaneResult_<std::allocator<void> >::SharedPtr)[m[Kâ€™:
[35.890s] [01m[K/home/ros/ros2proj/ComP_demo/ComP_demo_ws/src/comp_topic_rclcpp/src/Final.cpp:84:21:[m[K [01;31m[Kerror: [m[Kinvalid use of â€˜[01m[Kthis[m[Kâ€™ in non-member function
[35.890s]    84 |         RCLCPP_INFO([01;31m[Kthis[m[K->get_logger(), "FinalèŠ‚ç‚¹è®¢é˜…åˆ° Lane çš„è½¦é“çº¿æ£€æµ‹ç»“æžœ");
[35.890s]       |                     [01;31m[K^~~~[m[K
[35.893s] [01m[K/home/ros/ros2proj/ComP_demo/ComP_demo_ws/src/comp_topic_rclcpp/src/Final.cpp:84:21:[m[K [01;31m[Kerror: [m[Kinvalid use of â€˜[01m[Kthis[m[Kâ€™ in non-member function
[35.893s] [01m[K/home/ros/ros2proj/ComP_demo/ComP_demo_ws/src/comp_topic_rclcpp/src/Final.cpp:84:9:[m[K [01;31m[Kerror: [m[Ktemplate argument 1 is invalid
[35.893s]    84 |         [01;31m[KRCLCPP_INFO[m[K(this->get_logger(), "FinalèŠ‚ç‚¹è®¢é˜…åˆ° Lane çš„è½¦é“çº¿æ£€æµ‹ç»“æžœ");
[35.894s]       |         [01;31m[K^~~~~~~~~~~[m[K
[35.894s] [01m[K/home/ros/ros2proj/ComP_demo/ComP_demo_ws/src/comp_topic_rclcpp/src/Final.cpp:84:9:[m[K [01;31m[Kerror: [m[Ktemplate argument 1 is invalid
[35.894s]    84 |         [01;31m[KRCLCPP_INFO[m[K(this->get_logger(), "FinalèŠ‚ç‚¹è®¢é˜…åˆ° Lane çš„è½¦é“çº¿æ£€æµ‹ç»“æžœ");
[35.894s]       |         [01;31m[K^~~~~~~~~~~[m[K
[35.894s] [01m[K/home/ros/ros2proj/ComP_demo/ComP_demo_ws/src/comp_topic_rclcpp/src/Final.cpp:84:9:[m[K [01;31m[Kerror: [m[Ktemplate argument 1 is invalid
[35.894s]    84 |         [01;31m[KRCLCPP_INFO[m[K(this->get_logger(), "FinalèŠ‚ç‚¹è®¢é˜…åˆ° Lane çš„è½¦é“çº¿æ£€æµ‹ç»“æžœ");
[35.895s]       |         [01;31m[K^~~~~~~~~~~[m[K
[35.897s] In file included from [01m[K/opt/ros/humble/include/rclcpp/rclcpp/logging.hpp:24[m[K,
[35.898s]                  from [01m[K/opt/ros/humble/include/rclcpp/rclcpp/client.hpp:40[m[K,
[35.898s]                  from [01m[K/opt/ros/humble/include/rclcpp/rclcpp/callback_group.hpp:24[m[K,
[35.898s]                  from [01m[K/opt/ros/humble/include/rclcpp/rclcpp/any_executable.hpp:20[m[K,
[35.898s]                  from [01m[K/opt/ros/humble/include/rclcpp/rclcpp/memory_strategy.hpp:25[m[K,
[35.898s]                  from [01m[K/opt/ros/humble/include/rclcpp/rclcpp/memory_strategies.hpp:18[m[K,
[35.898s]                  from [01m[K/opt/ros/humble/include/rclcpp/rclcpp/executor_options.hpp:20[m[K,
[35.898s]                  from [01m[K/opt/ros/humble/include/rclcpp/rclcpp/executor.hpp:37[m[K,
[35.898s]                  from [01m[K/opt/ros/humble/include/rclcpp/rclcpp/executors/multi_threaded_executor.hpp:25[m[K,
[35.898s]                  from [01m[K/opt/ros/humble/include/rclcpp/rclcpp/executors.hpp:21[m[K,
[35.898s]                  from [01m[K/opt/ros/humble/include/rclcpp/rclcpp/rclcpp.hpp:155[m[K,
[35.899s]                  from [01m[K/home/ros/ros2proj/ComP_demo/ComP_demo_ws/src/comp_topic_rclcpp/src/Final.cpp:1[m[K:
[35.899s] [01m[K/home/ros/ros2proj/ComP_demo/ComP_demo_ws/src/comp_topic_rclcpp/src/Final.cpp:84:21:[m[K [01;31m[Kerror: [m[Kinvalid use of â€˜[01m[Kthis[m[Kâ€™ in non-member function
[35.899s]    84 |         RCLCPP_INFO([01;31m[Kthis[m[K->get_logger(), "FinalèŠ‚ç‚¹è®¢é˜…åˆ° Lane çš„è½¦é“çº¿æ£€æµ‹ç»“æžœ");
[35.899s]       |                     [01;31m[K^~~~[m[K
[35.899s] [01m[K/home/ros/ros2proj/ComP_demo/ComP_demo_ws/src/comp_topic_rclcpp/src/Final.cpp:84:21:[m[K [01;31m[Kerror: [m[Kinvalid use of â€˜[01m[Kthis[m[Kâ€™ in non-member function
[35.901s]    84 |         RCLCPP_INFO([01;31m[Kthis[m[K->get_logger(), "FinalèŠ‚ç‚¹è®¢é˜…åˆ° Lane çš„è½¦é“çº¿æ£€æµ‹ç»“æžœ");
[35.902s]       |                     [01;31m[K^~~~[m[K
[35.909s] [01m[K/home/ros/ros2proj/ComP_demo/ComP_demo_ws/src/comp_topic_rclcpp/src/Final.cpp:87:9:[m[K [01;31m[Kerror: [m[Kâ€˜[01m[Klog_tra_latency[m[Kâ€™ was not declared in this scope
[35.910s]    87 |         [01;31m[Klog_tra_latency[m[K("LaneDetectionResults", msg->header.stamp);
[35.910s]       |         [01;31m[K^~~~~~~~~~~~~~~[m[K
[35.910s] In file included from [01m[K/opt/ros/humble/include/rclcpp/rclcpp/client.hpp:40[m[K,
[35.910s]                  from [01m[K/opt/ros/humble/include/rclcpp/rclcpp/callback_group.hpp:24[m[K,
[35.910s]                  from [01m[K/opt/ros/humble/include/rclcpp/rclcpp/any_executable.hpp:20[m[K,
[35.910s]                  from [01m[K/opt/ros/humble/include/rclcpp/rclcpp/memory_strategy.hpp:25[m[K,
[35.910s]                  from [01m[K/opt/ros/humble/include/rclcpp/rclcpp/memory_strategies.hpp:18[m[K,
[35.910s]                  from [01m[K/opt/ros/humble/include/rclcpp/rclcpp/executor_options.hpp:20[m[K,
[35.910s]                  from [01m[K/opt/ros/humble/include/rclcpp/rclcpp/executor.hpp:37[m[K,
[35.911s]                  from [01m[K/opt/ros/humble/include/rclcpp/rclcpp/executors/multi_threaded_executor.hpp:25[m[K,
[35.911s]                  from [01m[K/opt/ros/humble/include/rclcpp/rclcpp/executors.hpp:21[m[K,
[35.911s]                  from [01m[K/opt/ros/humble/include/rclcpp/rclcpp/rclcpp.hpp:155[m[K,
[35.911s]                  from [01m[K/home/ros/ros2proj/ComP_demo/ComP_demo_ws/src/comp_topic_rclcpp/src/Final.cpp:1[m[K:
[35.911s] [01m[K/home/ros/ros2proj/ComP_demo/ComP_demo_ws/src/comp_topic_rclcpp/src/Final.cpp:90:21:[m[K [01;31m[Kerror: [m[Kinvalid use of â€˜[01m[Kthis[m[Kâ€™ in non-member function
[35.911s]    90 |         RCLCPP_INFO([01;31m[Kthis[m[K->get_logger(), "Left1: (%d, %d), Right1: (%d, %d)",
[35.911s]       |                     [01;31m[K^~~~[m[K
[35.912s] [01m[K/home/ros/ros2proj/ComP_demo/ComP_demo_ws/src/comp_topic_rclcpp/src/Final.cpp:90:21:[m[K [01;31m[Kerror: [m[Kinvalid use of â€˜[01m[Kthis[m[Kâ€™ in non-member function
[35.912s] [01m[K/home/ros/ros2proj/ComP_demo/ComP_demo_ws/src/comp_topic_rclcpp/src/Final.cpp:90:9:[m[K [01;31m[Kerror: [m[Ktemplate argument 1 is invalid
[35.913s]    90 |         [01;31m[KRCLCPP_INFO[m[K(this->get_logger(), "Left1: (%d, %d), Right1: (%d, %d)",
[35.913s]       |         [01;31m[K^~~~~~~~~~~[m[K
[35.914s] [01m[K/home/ros/ros2proj/ComP_demo/ComP_demo_ws/src/comp_topic_rclcpp/src/Final.cpp:90:9:[m[K [01;31m[Kerror: [m[Ktemplate argument 1 is invalid
[35.914s]    90 |         [01;31m[KRCLCPP_INFO[m[K(this->get_logger(), "Left1: (%d, %d), Right1: (%d, %d)",
[35.915s]       |         [01;31m[K^~~~~~~~~~~[m[K
[35.915s] [01m[K/home/ros/ros2proj/ComP_demo/ComP_demo_ws/src/comp_topic_rclcpp/src/Final.cpp:90:9:[m[K [01;31m[Kerror: [m[Ktemplate argument 1 is invalid
[35.915s]    90 |         [01;31m[KRCLCPP_INFO[m[K(this->get_logger(), "Left1: (%d, %d), Right1: (%d, %d)",
[35.915s]       |         [01;31m[K^~~~~~~~~~~[m[K
[35.915s] In file included from [01m[K/opt/ros/humble/include/rclcpp/rclcpp/logging.hpp:24[m[K,
[35.915s]                  from [01m[K/opt/ros/humble/include/rclcpp/rclcpp/client.hpp:40[m[K,
[35.915s]                  from [01m[K/opt/ros/humble/include/rclcpp/rclcpp/callback_group.hpp:24[m[K,
[35.915s]                  from [01m[K/opt/ros/humble/include/rclcpp/rclcpp/any_executable.hpp:20[m[K,
[35.915s]                  from [01m[K/opt/ros/humble/include/rclcpp/rclcpp/memory_strategy.hpp:25[m[K,
[35.915s]                  from [01m[K/opt/ros/humble/include/rclcpp/rclcpp/memory_strategies.hpp:18[m[K,
[35.915s]                  from [01m[K/opt/ros/humble/include/rclcpp/rclcpp/executor_options.hpp:20[m[K,
[35.916s]                  from [01m[K/opt/ros/humble/include/rclcpp/rclcpp/executor.hpp:37[m[K,
[35.916s]                  from [01m[K/opt/ros/humble/include/rclcpp/rclcpp/executors/multi_threaded_executor.hpp:25[m[K,
[35.916s]                  from [01m[K/opt/ros/humble/include/rclcpp/rclcpp/executors.hpp:21[m[K,
[35.916s]                  from [01m[K/opt/ros/humble/include/rclcpp/rclcpp/rclcpp.hpp:155[m[K,
[35.920s]                  from [01m[K/home/ros/ros2proj/ComP_demo/ComP_demo_ws/src/comp_topic_rclcpp/src/Final.cpp:1[m[K:
[35.920s] [01m[K/home/ros/ros2proj/ComP_demo/ComP_demo_ws/src/comp_topic_rclcpp/src/Final.cpp:90:21:[m[K [01;31m[Kerror: [m[Kinvalid use of â€˜[01m[Kthis[m[Kâ€™ in non-member function
[35.920s]    90 |         RCLCPP_INFO([01;31m[Kthis[m[K->get_logger(), "Left1: (%d, %d), Right1: (%d, %d)",
[35.920s]       |                     [01;31m[K^~~~[m[K
[35.921s] [01m[K/home/ros/ros2proj/ComP_demo/ComP_demo_ws/src/comp_topic_rclcpp/src/Final.cpp:90:21:[m[K [01;31m[Kerror: [m[Kinvalid use of â€˜[01m[Kthis[m[Kâ€™ in non-member function
[35.921s]    90 |         RCLCPP_INFO([01;31m[Kthis[m[K->get_logger(), "Left1: (%d, %d), Right1: (%d, %d)",
[35.921s]       |                     [01;31m[K^~~~[m[K
[35.921s] In file included from [01m[K/opt/ros/humble/include/rclcpp/rclcpp/client.hpp:40[m[K,
[35.921s]                  from [01m[K/opt/ros/humble/include/rclcpp/rclcpp/callback_group.hpp:24[m[K,
[35.921s]                  from [01m[K/opt/ros/humble/include/rclcpp/rclcpp/any_executable.hpp:20[m[K,
[35.924s]                  from [01m[K/opt/ros/humble/include/rclcpp/rclcpp/memory_strategy.hpp:25[m[K,
[35.924s]                  from [01m[K/opt/ros/humble/include/rclcpp/rclcpp/memory_strategies.hpp:18[m[K,
[35.924s]                  from [01m[K/opt/ros/humble/include/rclcpp/rclcpp/executor_options.hpp:20[m[K,
[35.924s]                  from [01m[K/opt/ros/humble/include/rclcpp/rclcpp/executor.hpp:37[m[K,
[35.924s]                  from [01m[K/opt/ros/humble/include/rclcpp/rclcpp/executors/multi_threaded_executor.hpp:25[m[K,
[35.924s]                  from [01m[K/opt/ros/humble/include/rclcpp/rclcpp/executors.hpp:21[m[K,
[35.924s]                  from [01m[K/opt/ros/humble/include/rclcpp/rclcpp/rclcpp.hpp:155[m[K,
[35.924s]                  from [01m[K/home/ros/ros2proj/ComP_demo/ComP_demo_ws/src/comp_topic_rclcpp/src/Final.cpp:1[m[K:
[35.924s] [01m[K/home/ros/ros2proj/ComP_demo/ComP_demo_ws/src/comp_topic_rclcpp/src/Final.cpp:92:21:[m[K [01;31m[Kerror: [m[Kinvalid use of â€˜[01m[Kthis[m[Kâ€™ in non-member function
[35.924s]    92 |         RCLCPP_INFO([01;31m[Kthis[m[K->get_logger(), "Left2: (%d, %d), Right2: (%d, %d)",
[35.925s]       |                     [01;31m[K^~~~[m[K
[35.925s] [01m[K/home/ros/ros2proj/ComP_demo/ComP_demo_ws/src/comp_topic_rclcpp/src/Final.cpp:92:21:[m[K [01;31m[Kerror: [m[Kinvalid use of â€˜[01m[Kthis[m[Kâ€™ in non-member function
[35.925s] [01m[K/home/ros/ros2proj/ComP_demo/ComP_demo_ws/src/comp_topic_rclcpp/src/Final.cpp:92:9:[m[K [01;31m[Kerror: [m[Ktemplate argument 1 is invalid
[35.925s]    92 |         [01;31m[KRCLCPP_INFO[m[K(this->get_logger(), "Left2: (%d, %d), Right2: (%d, %d)",
[35.925s]       |         [01;31m[K^~~~~~~~~~~[m[K
[35.925s] [01m[K/home/ros/ros2proj/ComP_demo/ComP_demo_ws/src/comp_topic_rclcpp/src/Final.cpp:92:9:[m[K [01;31m[Kerror: [m[Ktemplate argument 1 is invalid
[35.925s]    92 |         [01;31m[KRCLCPP_INFO[m[K(this->get_logger(), "Left2: (%d, %d), Right2: (%d, %d)",
[35.926s]       |         [01;31m[K^~~~~~~~~~~[m[K
[35.926s] [01m[K/home/ros/ros2proj/ComP_demo/ComP_demo_ws/src/comp_topic_rclcpp/src/Final.cpp:92:9:[m[K [01;31m[Kerror: [m[Ktemplate argument 1 is invalid
[35.927s]    92 |         [01;31m[KRCLCPP_INFO[m[K(this->get_logger(), "Left2: (%d, %d), Right2: (%d, %d)",
[35.927s]       |         [01;31m[K^~~~~~~~~~~[m[K
[35.927s] In file included from [01m[K/opt/ros/humble/include/rclcpp/rclcpp/logging.hpp:24[m[K,
[35.927s]                  from [01m[K/opt/ros/humble/include/rclcpp/rclcpp/client.hpp:40[m[K,
[35.927s]                  from [01m[K/opt/ros/humble/include/rclcpp/rclcpp/callback_group.hpp:24[m[K,
[35.927s]                  from [01m[K/opt/ros/humble/include/rclcpp/rclcpp/any_executable.hpp:20[m[K,
[35.927s]                  from [01m[K/opt/ros/humble/include/rclcpp/rclcpp/memory_strategy.hpp:25[m[K,
[35.927s]                  from [01m[K/opt/ros/humble/include/rclcpp/rclcpp/memory_strategies.hpp:18[m[K,
[35.929s]                  from [01m[K/opt/ros/humble/include/rclcpp/rclcpp/executor_options.hpp:20[m[K,
[35.931s]                  from [01m[K/opt/ros/humble/include/rclcpp/rclcpp/executor.hpp:37[m[K,
[35.932s]                  from [01m[K/opt/ros/humble/include/rclcpp/rclcpp/executors/multi_threaded_executor.hpp:25[m[K,
[35.932s]                  from [01m[K/opt/ros/humble/include/rclcpp/rclcpp/executors.hpp:21[m[K,
[35.932s]                  from [01m[K/opt/ros/humble/include/rclcpp/rclcpp/rclcpp.hpp:155[m[K,
[35.932s]                  from [01m[K/home/ros/ros2proj/ComP_demo/ComP_demo_ws/src/comp_topic_rclcpp/src/Final.cpp:1[m[K:
[35.932s] [01m[K/home/ros/ros2proj/ComP_demo/ComP_demo_ws/src/comp_topic_rclcpp/src/Final.cpp:92:21:[m[K [01;31m[Kerror: [m[Kinvalid use of â€˜[01m[Kthis[m[Kâ€™ in non-member function
[35.932s]    92 |         RCLCPP_INFO([01;31m[Kthis[m[K->get_logger(), "Left2: (%d, %d), Right2: (%d, %d)",
[35.932s]       |                     [01;31m[K^~~~[m[K
[35.932s] [01m[K/home/ros/ros2proj/ComP_demo/ComP_demo_ws/src/comp_topic_rclcpp/src/Final.cpp:92:21:[m[K [01;31m[Kerror: [m[Kinvalid use of â€˜[01m[Kthis[m[Kâ€™ in non-member function
[35.932s]    92 |         RCLCPP_INFO([01;31m[Kthis[m[K->get_logger(), "Left2: (%d, %d), Right2: (%d, %d)",
[35.933s]       |                     [01;31m[K^~~~[m[K
[35.933s] In file included from [01m[K/opt/ros/humble/include/rclcpp/rclcpp/client.hpp:40[m[K,
[35.933s]                  from [01m[K/opt/ros/humble/include/rclcpp/rclcpp/callback_group.hpp:24[m[K,
[35.933s]                  from [01m[K/opt/ros/humble/include/rclcpp/rclcpp/any_executable.hpp:20[m[K,
[35.933s]                  from [01m[K/opt/ros/humble/include/rclcpp/rclcpp/memory_strategy.hpp:25[m[K,
[35.933s]                  from [01m[K/opt/ros/humble/include/rclcpp/rclcpp/memory_strategies.hpp:18[m[K,
[35.933s]                  from [01m[K/opt/ros/humble/include/rclcpp/rclcpp/executor_options.hpp:20[m[K,
[35.933s]                  from [01m[K/opt/ros/humble/include/rclcpp/rclcpp/executor.hpp:37[m[K,
[35.936s]                  from [01m[K/opt/ros/humble/include/rclcpp/rclcpp/executors/multi_threaded_executor.hpp:25[m[K,
[35.936s]                  from [01m[K/opt/ros/humble/include/rclcpp/rclcpp/executors.hpp:21[m[K,
[35.936s]                  from [01m[K/opt/ros/humble/include/rclcpp/rclcpp/rclcpp.hpp:155[m[K,
[35.936s]                  from [01m[K/home/ros/ros2proj/ComP_demo/ComP_demo_ws/src/comp_topic_rclcpp/src/Final.cpp:1[m[K:
[35.937s] [01m[K/home/ros/ros2proj/ComP_demo/ComP_demo_ws/src/comp_topic_rclcpp/src/Final.cpp:[m[K In function â€˜[01m[Kvoid yolo_result_callback(comp_topic_rclcpp::msg::YoloResult_<std::allocator<void> >::SharedPtr)[m[Kâ€™:
[35.937s] [01m[K/home/ros/ros2proj/ComP_demo/ComP_demo_ws/src/comp_topic_rclcpp/src/Final.cpp:99:21:[m[K [01;31m[Kerror: [m[Kinvalid use of â€˜[01m[Kthis[m[Kâ€™ in non-member function
[35.937s]    99 |         RCLCPP_INFO([01;31m[Kthis[m[K->get_logger(), "FinalèŠ‚ç‚¹è®¢é˜…åˆ° Yolo çš„æ£€æµ‹ç»“æžœ");
[35.937s]       |                     [01;31m[K^~~~[m[K
[35.937s] [01m[K/home/ros/ros2proj/ComP_demo/ComP_demo_ws/src/comp_topic_rclcpp/src/Final.cpp:99:21:[m[K [01;31m[Kerror: [m[Kinvalid use of â€˜[01m[Kthis[m[Kâ€™ in non-member function
[35.937s] [01m[K/home/ros/ros2proj/ComP_demo/ComP_demo_ws/src/comp_topic_rclcpp/src/Final.cpp:99:9:[m[K [01;31m[Kerror: [m[Ktemplate argument 1 is invalid
[35.937s]    99 |         [01;31m[KRCLCPP_INFO[m[K(this->get_logger(), "FinalèŠ‚ç‚¹è®¢é˜…åˆ° Yolo çš„æ£€æµ‹ç»“æžœ");
[35.937s]       |         [01;31m[K^~~~~~~~~~~[m[K
[35.940s] [01m[K/home/ros/ros2proj/ComP_demo/ComP_demo_ws/src/comp_topic_rclcpp/src/Final.cpp:99:9:[m[K [01;31m[Kerror: [m[Ktemplate argument 1 is invalid
[35.940s]    99 |         [01;31m[KRCLCPP_INFO[m[K(this->get_logger(), "FinalèŠ‚ç‚¹è®¢é˜…åˆ° Yolo çš„æ£€æµ‹ç»“æžœ");
[35.940s]       |         [01;31m[K^~~~~~~~~~~[m[K
[35.940s] [01m[K/home/ros/ros2proj/ComP_demo/ComP_demo_ws/src/comp_topic_rclcpp/src/Final.cpp:99:9:[m[K [01;31m[Kerror: [m[Ktemplate argument 1 is invalid
[35.940s]    99 |         [01;31m[KRCLCPP_INFO[m[K(this->get_logger(), "FinalèŠ‚ç‚¹è®¢é˜…åˆ° Yolo çš„æ£€æµ‹ç»“æžœ");
[35.940s]       |         [01;31m[K^~~~~~~~~~~[m[K
[35.940s] In file included from [01m[K/opt/ros/humble/include/rclcpp/rclcpp/logging.hpp:24[m[K,
[35.940s]                  from [01m[K/opt/ros/humble/include/rclcpp/rclcpp/client.hpp:40[m[K,
[35.941s]                  from [01m[K/opt/ros/humble/include/rclcpp/rclcpp/callback_group.hpp:24[m[K,
[35.941s]                  from [01m[K/opt/ros/humble/include/rclcpp/rclcpp/any_executable.hpp:20[m[K,
[35.941s]                  from [01m[K/opt/ros/humble/include/rclcpp/rclcpp/memory_strategy.hpp:25[m[K,
[35.941s]                  from [01m[K/opt/ros/humble/include/rclcpp/rclcpp/memory_strategies.hpp:18[m[K,
[35.941s]                  from [01m[K/opt/ros/humble/include/rclcpp/rclcpp/executor_options.hpp:20[m[K,
[35.941s]                  from [01m[K/opt/ros/humble/include/rclcpp/rclcpp/executor.hpp:37[m[K,
[35.941s]                  from [01m[K/opt/ros/humble/include/rclcpp/rclcpp/executors/multi_threaded_executor.hpp:25[m[K,
[35.941s]                  from [01m[K/opt/ros/humble/include/rclcpp/rclcpp/executors.hpp:21[m[K,
[35.941s]                  from [01m[K/opt/ros/humble/include/rclcpp/rclcpp/rclcpp.hpp:155[m[K,
[35.941s]                  from [01m[K/home/ros/ros2proj/ComP_demo/ComP_demo_ws/src/comp_topic_rclcpp/src/Final.cpp:1[m[K:
[35.941s] [01m[K/home/ros/ros2proj/ComP_demo/ComP_demo_ws/src/comp_topic_rclcpp/src/Final.cpp:99:21:[m[K [01;31m[Kerror: [m[Kinvalid use of â€˜[01m[Kthis[m[Kâ€™ in non-member function
[35.941s]    99 |         RCLCPP_INFO([01;31m[Kthis[m[K->get_logger(), "FinalèŠ‚ç‚¹è®¢é˜…åˆ° Yolo çš„æ£€æµ‹ç»“æžœ");
[35.942s]       |                     [01;31m[K^~~~[m[K
[35.942s] [01m[K/home/ros/ros2proj/ComP_demo/ComP_demo_ws/src/comp_topic_rclcpp/src/Final.cpp:99:21:[m[K [01;31m[Kerror: [m[Kinvalid use of â€˜[01m[Kthis[m[Kâ€™ in non-member function
[35.942s]    99 |         RCLCPP_INFO([01;31m[Kthis[m[K->get_logger(), "FinalèŠ‚ç‚¹è®¢é˜…åˆ° Yolo çš„æ£€æµ‹ç»“æžœ");
[35.942s]       |                     [01;31m[K^~~~[m[K
[35.954s] [01m[K/home/ros/ros2proj/ComP_demo/ComP_demo_ws/src/comp_topic_rclcpp/src/Final.cpp:102:9:[m[K [01;31m[Kerror: [m[Kâ€˜[01m[Klog_tra_latency[m[Kâ€™ was not declared in this scope
[35.954s]   102 |         [01;31m[Klog_tra_latency[m[K("YoloDetectionResults", msg->header.stamp);
[35.954s]       |         [01;31m[K^~~~~~~~~~~~~~~[m[K
[35.959s] In file included from [01m[K/opt/ros/humble/include/rclcpp/rclcpp/client.hpp:40[m[K,
[35.959s]                  from [01m[K/opt/ros/humble/include/rclcpp/rclcpp/callback_group.hpp:24[m[K,
[35.960s]                  from [01m[K/opt/ros/humble/include/rclcpp/rclcpp/any_executable.hpp:20[m[K,
[35.960s]                  from [01m[K/opt/ros/humble/include/rclcpp/rclcpp/memory_strategy.hpp:25[m[K,
[35.960s]                  from [01m[K/opt/ros/humble/include/rclcpp/rclcpp/memory_strategies.hpp:18[m[K,
[35.960s]                  from [01m[K/opt/ros/humble/include/rclcpp/rclcpp/executor_options.hpp:20[m[K,
[35.960s]                  from [01m[K/opt/ros/humble/include/rclcpp/rclcpp/executor.hpp:37[m[K,
[35.960s]                  from [01m[K/opt/ros/humble/include/rclcpp/rclcpp/executors/multi_threaded_executor.hpp:25[m[K,
[35.960s]                  from [01m[K/opt/ros/humble/include/rclcpp/rclcpp/executors.hpp:21[m[K,
[35.960s]                  from [01m[K/opt/ros/humble/include/rclcpp/rclcpp/rclcpp.hpp:155[m[K,
[35.960s]                  from [01m[K/home/ros/ros2proj/ComP_demo/ComP_demo_ws/src/comp_topic_rclcpp/src/Final.cpp:1[m[K:
[35.960s] [01m[K/home/ros/ros2proj/ComP_demo/ComP_demo_ws/src/comp_topic_rclcpp/src/Final.cpp:106:25:[m[K [01;31m[Kerror: [m[Kinvalid use of â€˜[01m[Kthis[m[Kâ€™ in non-member function
[35.960s]   106 |             RCLCPP_INFO([01;31m[Kthis[m[K->get_logger(), "Yoloæ£€æµ‹åˆ°çš„è¾¹ç•Œæ¡†: x = %.2f, y = %.2f, width = %.2f, height = %.2f",
[35.961s]       |                         [01;31m[K^~~~[m[K
[35.961s] [01m[K/home/ros/ros2proj/ComP_demo/ComP_demo_ws/src/comp_topic_rclcpp/src/Final.cpp:106:25:[m[K [01;31m[Kerror: [m[Kinvalid use of â€˜[01m[Kthis[m[Kâ€™ in non-member function
[35.961s] [01m[K/home/ros/ros2proj/ComP_demo/ComP_demo_ws/src/comp_topic_rclcpp/src/Final.cpp:106:13:[m[K [01;31m[Kerror: [m[Ktemplate argument 1 is invalid
[35.961s]   106 |             [01;31m[KRCLCPP_INFO[m[K(this->get_logger(), "Yoloæ£€æµ‹åˆ°çš„è¾¹ç•Œæ¡†: x = %.2f, y = %.2f, width = %.2f, height = %.2f",
[35.961s]       |             [01;31m[K^~~~~~~~~~~[m[K
[35.961s] [01m[K/home/ros/ros2proj/ComP_demo/ComP_demo_ws/src/comp_topic_rclcpp/src/Final.cpp:106:13:[m[K [01;31m[Kerror: [m[Ktemplate argument 1 is invalid
[35.961s]   106 |             [01;31m[KRCLCPP_INFO[m[K(this->get_logger(), "Yoloæ£€æµ‹åˆ°çš„è¾¹ç•Œæ¡†: x = %.2f, y = %.2f, width = %.2f, height = %.2f",
[35.961s]       |             [01;31m[K^~~~~~~~~~~[m[K
[35.961s] [01m[K/home/ros/ros2proj/ComP_demo/ComP_demo_ws/src/comp_topic_rclcpp/src/Final.cpp:106:13:[m[K [01;31m[Kerror: [m[Ktemplate argument 1 is invalid
[35.964s]   106 |             [01;31m[KRCLCPP_INFO[m[K(this->get_logger(), "Yoloæ£€æµ‹åˆ°çš„è¾¹ç•Œæ¡†: x = %.2f, y = %.2f, width = %.2f, height = %.2f",
[35.964s]       |             [01;31m[K^~~~~~~~~~~[m[K
[35.964s] In file included from [01m[K/opt/ros/humble/include/rclcpp/rclcpp/logging.hpp:24[m[K,
[35.964s]                  from [01m[K/opt/ros/humble/include/rclcpp/rclcpp/client.hpp:40[m[K,
[35.964s]                  from [01m[K/opt/ros/humble/include/rclcpp/rclcpp/callback_group.hpp:24[m[K,
[35.964s]                  from [01m[K/opt/ros/humble/include/rclcpp/rclcpp/any_executable.hpp:20[m[K,
[35.965s]                  from [01m[K/opt/ros/humble/include/rclcpp/rclcpp/memory_strategy.hpp:25[m[K,
[35.965s]                  from [01m[K/opt/ros/humble/include/rclcpp/rclcpp/memory_strategies.hpp:18[m[K,
[35.965s]                  from [01m[K/opt/ros/humble/include/rclcpp/rclcpp/executor_options.hpp:20[m[K,
[35.965s]                  from [01m[K/opt/ros/humble/include/rclcpp/rclcpp/executor.hpp:37[m[K,
[35.965s]                  from [01m[K/opt/ros/humble/include/rclcpp/rclcpp/executors/multi_threaded_executor.hpp:25[m[K,
[35.965s]                  from [01m[K/opt/ros/humble/include/rclcpp/rclcpp/executors.hpp:21[m[K,
[35.965s]                  from [01m[K/opt/ros/humble/include/rclcpp/rclcpp/rclcpp.hpp:155[m[K,
[35.967s]                  from [01m[K/home/ros/ros2proj/ComP_demo/ComP_demo_ws/src/comp_topic_rclcpp/src/Final.cpp:1[m[K:
[35.967s] [01m[K/home/ros/ros2proj/ComP_demo/ComP_demo_ws/src/comp_topic_rclcpp/src/Final.cpp:106:25:[m[K [01;31m[Kerror: [m[Kinvalid use of â€˜[01m[Kthis[m[Kâ€™ in non-member function
[35.968s]   106 |             RCLCPP_INFO([01;31m[Kthis[m[K->get_logger(), "Yoloæ£€æµ‹åˆ°çš„è¾¹ç•Œæ¡†: x = %.2f, y = %.2f, width = %.2f, height = %.2f",
[35.968s]       |                         [01;31m[K^~~~[m[K
[35.969s] [01m[K/home/ros/ros2proj/ComP_demo/ComP_demo_ws/src/comp_topic_rclcpp/src/Final.cpp:106:25:[m[K [01;31m[Kerror: [m[Kinvalid use of â€˜[01m[Kthis[m[Kâ€™ in non-member function
[35.969s]   106 |             RCLCPP_INFO([01;31m[Kthis[m[K->get_logger(), "Yoloæ£€æµ‹åˆ°çš„è¾¹ç•Œæ¡†: x = %.2f, y = %.2f, width = %.2f, height = %.2f",
[35.969s]       |                         [01;31m[K^~~~[m[K
[35.969s] In file included from [01m[K/opt/ros/humble/include/rclcpp/rclcpp/client.hpp:40[m[K,
[35.969s]                  from [01m[K/opt/ros/humble/include/rclcpp/rclcpp/callback_group.hpp:24[m[K,
[35.969s]                  from [01m[K/opt/ros/humble/include/rclcpp/rclcpp/any_executable.hpp:20[m[K,
[35.971s]                  from [01m[K/opt/ros/humble/include/rclcpp/rclcpp/memory_strategy.hpp:25[m[K,
[35.971s]                  from [01m[K/opt/ros/humble/include/rclcpp/rclcpp/memory_strategies.hpp:18[m[K,
[35.972s]                  from [01m[K/opt/ros/humble/include/rclcpp/rclcpp/executor_options.hpp:20[m[K,
[35.972s]                  from [01m[K/opt/ros/humble/include/rclcpp/rclcpp/executor.hpp:37[m[K,
[35.972s]                  from [01m[K/opt/ros/humble/include/rclcpp/rclcpp/executors/multi_threaded_executor.hpp:25[m[K,
[35.972s]                  from [01m[K/opt/ros/humble/include/rclcpp/rclcpp/executors.hpp:21[m[K,
[35.972s]                  from [01m[K/opt/ros/humble/include/rclcpp/rclcpp/rclcpp.hpp:155[m[K,
[35.972s]                  from [01m[K/home/ros/ros2proj/ComP_demo/ComP_demo_ws/src/comp_topic_rclcpp/src/Final.cpp:1[m[K:
[35.972s] [01m[K/home/ros/ros2proj/ComP_demo/ComP_demo_ws/src/comp_topic_rclcpp/src/Final.cpp:[m[K In function â€˜[01m[Kvoid tracker_result_callback(comp_topic_rclcpp::msg::TrackerResult_<std::allocator<void> >::SharedPtr)[m[Kâ€™:
[35.972s] [01m[K/home/ros/ros2proj/ComP_demo/ComP_demo_ws/src/comp_topic_rclcpp/src/Final.cpp:114:21:[m[K [01;31m[Kerror: [m[Kinvalid use of â€˜[01m[Kthis[m[Kâ€™ in non-member function
[35.972s]   114 |         RCLCPP_INFO([01;31m[Kthis[m[K->get_logger(), "FinalèŠ‚ç‚¹è®¢é˜…åˆ° Tracker çš„è¿½è¸ªç»“æžœ: x = %.2f, y = %.2f, width = %.2f, height = %.2f",
[35.973s]       |                     [01;31m[K^~~~[m[K
[35.973s] [01m[K/home/ros/ros2proj/ComP_demo/ComP_demo_ws/src/comp_topic_rclcpp/src/Final.cpp:114:21:[m[K [01;31m[Kerror: [m[Kinvalid use of â€˜[01m[Kthis[m[Kâ€™ in non-member function
[35.973s] [01m[K/home/ros/ros2proj/ComP_demo/ComP_demo_ws/src/comp_topic_rclcpp/src/Final.cpp:114:9:[m[K [01;31m[Kerror: [m[Ktemplate argument 1 is invalid
[35.973s]   114 |         [01;31m[KRCLCPP_INFO[m[K(this->get_logger(), "FinalèŠ‚ç‚¹è®¢é˜…åˆ° Tracker çš„è¿½è¸ªç»“æžœ: x = %.2f, y = %.2f, width = %.2f, height = %.2f",
[35.973s]       |         [01;31m[K^~~~~~~~~~~[m[K
[35.973s] [01m[K/home/ros/ros2proj/ComP_demo/ComP_demo_ws/src/comp_topic_rclcpp/src/Final.cpp:114:9:[m[K [01;31m[Kerror: [m[Ktemplate argument 1 is invalid
[35.975s]   114 |         [01;31m[KRCLCPP_INFO[m[K(this->get_logger(), "FinalèŠ‚ç‚¹è®¢é˜…åˆ° Tracker çš„è¿½è¸ªç»“æžœ: x = %.2f, y = %.2f, width = %.2f, height = %.2f",
[35.976s]       |         [01;31m[K^~~~~~~~~~~[m[K
[35.976s] [01m[K/home/ros/ros2proj/ComP_demo/ComP_demo_ws/src/comp_topic_rclcpp/src/Final.cpp:114:9:[m[K [01;31m[Kerror: [m[Ktemplate argument 1 is invalid
[35.976s]   114 |         [01;31m[KRCLCPP_INFO[m[K(this->get_logger(), "FinalèŠ‚ç‚¹è®¢é˜…åˆ° Tracker çš„è¿½è¸ªç»“æžœ: x = %.2f, y = %.2f, width = %.2f, height = %.2f",
[35.976s]       |         [01;31m[K^~~~~~~~~~~[m[K
[35.976s] In file included from [01m[K/opt/ros/humble/include/rclcpp/rclcpp/logging.hpp:24[m[K,
[35.976s]                  from [01m[K/opt/ros/humble/include/rclcpp/rclcpp/client.hpp:40[m[K,
[35.976s]                  from [01m[K/opt/ros/humble/include/rclcpp/rclcpp/callback_group.hpp:24[m[K,
[35.976s]                  from [01m[K/opt/ros/humble/include/rclcpp/rclcpp/any_executable.hpp:20[m[K,
[35.976s]                  from [01m[K/opt/ros/humble/include/rclcpp/rclcpp/memory_strategy.hpp:25[m[K,
[35.976s]                  from [01m[K/opt/ros/humble/include/rclcpp/rclcpp/memory_strategies.hpp:18[m[K,
[35.977s]                  from [01m[K/opt/ros/humble/include/rclcpp/rclcpp/executor_options.hpp:20[m[K,
[35.977s]                  from [01m[K/opt/ros/humble/include/rclcpp/rclcpp/executor.hpp:37[m[K,
[35.977s]                  from [01m[K/opt/ros/humble/include/rclcpp/rclcpp/executors/multi_threaded_executor.hpp:25[m[K,
[35.977s]                  from [01m[K/opt/ros/humble/include/rclcpp/rclcpp/executors.hpp:21[m[K,
[35.977s]                  from [01m[K/opt/ros/humble/include/rclcpp/rclcpp/rclcpp.hpp:155[m[K,
[35.979s]                  from [01m[K/home/ros/ros2proj/ComP_demo/ComP_demo_ws/src/comp_topic_rclcpp/src/Final.cpp:1[m[K:
[35.979s] [01m[K/home/ros/ros2proj/ComP_demo/ComP_demo_ws/src/comp_topic_rclcpp/src/Final.cpp:114:21:[m[K [01;31m[Kerror: [m[Kinvalid use of â€˜[01m[Kthis[m[Kâ€™ in non-member function
[35.980s]   114 |         RCLCPP_INFO([01;31m[Kthis[m[K->get_logger(), "FinalèŠ‚ç‚¹è®¢é˜…åˆ° Tracker çš„è¿½è¸ªç»“æžœ: x = %.2f, y = %.2f, width = %.2f, height = %.2f",
[35.980s]       |                     [01;31m[K^~~~[m[K
[35.980s] [01m[K/home/ros/ros2proj/ComP_demo/ComP_demo_ws/src/comp_topic_rclcpp/src/Final.cpp:114:21:[m[K [01;31m[Kerror: [m[Kinvalid use of â€˜[01m[Kthis[m[Kâ€™ in non-member function
[35.980s]   114 |         RCLCPP_INFO([01;31m[Kthis[m[K->get_logger(), "FinalèŠ‚ç‚¹è®¢é˜…åˆ° Tracker çš„è¿½è¸ªç»“æžœ: x = %.2f, y = %.2f, width = %.2f, height = %.2f",
[35.980s]       |                     [01;31m[K^~~~[m[K
[35.988s] [01m[K/home/ros/ros2proj/ComP_demo/ComP_demo_ws/src/comp_topic_rclcpp/src/Final.cpp:118:9:[m[K [01;31m[Kerror: [m[Kâ€˜[01m[Klog_tra_latency[m[Kâ€™ was not declared in this scope
[35.988s]   118 |         [01;31m[Klog_tra_latency[m[K("TrackerResults", msg->header.stamp);
[35.988s]       |         [01;31m[K^~~~~~~~~~~~~~~[m[K
[36.417s] [01m[K/home/ros/ros2proj/ComP_demo/ComP_demo_ws/src/comp_topic_rclcpp/src/Final.cpp:[m[K At global scope:
[36.418s] [01m[K/home/ros/ros2proj/ComP_demo/ComP_demo_ws/src/comp_topic_rclcpp/src/Final.cpp:125:1:[m[K [01;31m[Kerror: [m[Kexpected declaration before â€˜[01m[K}[m[Kâ€™ token
[36.418s]   125 | [01;31m[K}[m[K;
[36.418s]       | [01;31m[K^[m[K
[40.599s] gmake[2]: *** [CMakeFiles/Final.dir/build.make:76: CMakeFiles/Final.dir/src/Final.cpp.o] Error 1
[40.599s] gmake[1]: *** [CMakeFiles/Makefile2:627: CMakeFiles/Final.dir/all] Error 2
[40.602s] gmake: *** [Makefile:146: all] Error 2
[40.606s] Invoked command in '/home/ros/ros2proj/ComP_demo/ComP_demo_ws/build/comp_topic_rclcpp' returned '2': CMAKE_PREFIX_PATH=/opt/ros/humble CONDA_PROMPT_MODIFIER=(ros2) /usr/bin/cmake --build /home/ros/ros2proj/ComP_demo/ComP_demo_ws/build/comp_topic_rclcpp -- -j2 -l2
